TN:
SF:src\Components\AddProjectModal.jsx
FN:24,(anonymous_0)
FN:41,(anonymous_1)
FN:51,(anonymous_2)
FN:65,(anonymous_3)
FN:67,(anonymous_4)
FN:68,(anonymous_5)
FN:71,(anonymous_6)
FN:98,(anonymous_7)
FNF:8
FNH:8
FNDA:88,(anonymous_0)
FNDA:18,(anonymous_1)
FNDA:10,(anonymous_2)
FNDA:38,(anonymous_3)
FNDA:38,(anonymous_4)
FNDA:38,(anonymous_5)
FNDA:10,(anonymous_6)
FNDA:20,(anonymous_7)
DA:24,1
DA:25,88
DA:27,88
DA:35,88
DA:36,88
DA:37,88
DA:38,88
DA:41,88
DA:42,18
DA:43,16
DA:44,16
DA:45,16
DA:49,88
DA:51,86
DA:52,10
DA:53,10
DA:54,2
DA:55,10
DA:56,4
DA:57,10
DA:58,1
DA:59,10
DA:60,1
DA:61,10
DA:62,10
DA:65,86
DA:66,38
DA:67,38
DA:68,38
DA:71,86
DA:72,10
DA:73,6
DA:74,6
DA:76,6
DA:77,6
DA:85,10
DA:86,4
DA:87,4
DA:88,4
DA:90,2
DA:92,6
DA:96,86
DA:98,20
LF:43
LH:43
BRDA:42,0,0,16
BRDA:42,0,1,2
BRDA:49,1,0,2
BRDA:49,1,1,86
BRDA:53,2,0,2
BRDA:53,2,1,8
BRDA:55,3,0,4
BRDA:55,3,1,6
BRDA:57,4,0,1
BRDA:57,4,1,9
BRDA:57,5,0,10
BRDA:57,5,1,2
BRDA:59,6,0,1
BRDA:59,6,1,9
BRDA:59,7,0,10
BRDA:59,7,1,2
BRDA:72,8,0,4
BRDA:72,8,1,6
BRDA:80,9,0,6
BRDA:80,9,1,5
BRDA:81,10,0,10
BRDA:81,10,1,5
BRDA:90,11,0,2
BRDA:90,11,1,1
BRDA:120,12,0,86
BRDA:120,12,1,2
BRDA:143,13,0,88
BRDA:143,13,1,5
BRDA:158,14,0,88
BRDA:158,14,1,1
BRDA:173,15,0,88
BRDA:173,15,1,1
BRDA:179,16,0,88
BRDA:179,16,1,2
BRDA:186,17,0,6
BRDA:186,17,1,80
BRF:36
BRH:36
end_of_record
TN:
SF:src\Components\ConfirmLeaveModal.jsx
FN:12,(anonymous_0)
FN:34,(anonymous_1)
FN:40,(anonymous_2)
FNF:3
FNH:3
FNDA:18,(anonymous_0)
FNDA:3,(anonymous_1)
FNDA:1,(anonymous_2)
DA:12,1
DA:20,18
DA:21,18
DA:22,1
DA:25,17
DA:26,1
DA:30,16
DA:34,18
DA:35,3
DA:36,3
DA:37,3
DA:40,18
DA:42,18
LF:13
LH:13
BRDA:16,0,0,18
BRDA:18,1,0,18
BRDA:21,2,0,1
BRDA:21,2,1,17
BRDA:25,3,0,1
BRDA:25,3,1,16
BRDA:30,4,0,2
BRDA:30,4,1,14
BRDA:30,5,0,16
BRDA:30,5,1,15
BRDA:59,6,0,3
BRDA:59,6,1,13
BRF:12
BRH:12
end_of_record
TN:
SF:src\Components\EditProjectModal.jsx
FN:22,(anonymous_0)
FN:34,(anonymous_1)
FN:55,(anonymous_2)
FN:57,(anonymous_3)
FN:58,(anonymous_4)
FN:62,(anonymous_5)
FN:77,(anonymous_6)
FN:98,(anonymous_7)
FNF:8
FNH:8
FNDA:42,(anonymous_0)
FNDA:18,(anonymous_1)
FNDA:12,(anonymous_2)
FNDA:12,(anonymous_3)
FNDA:12,(anonymous_4)
FNDA:5,(anonymous_5)
FNDA:5,(anonymous_6)
FNDA:7,(anonymous_7)
DA:22,1
DA:23,42
DA:31,42
DA:34,42
DA:35,18
DA:36,7
DA:38,7
DA:39,7
DA:40,7
DA:42,7
DA:53,42
DA:55,41
DA:56,12
DA:57,12
DA:58,12
DA:62,41
DA:63,5
DA:65,5
DA:66,2
DA:68,5
DA:69,2
DA:71,5
DA:73,5
DA:74,5
DA:77,41
DA:78,5
DA:80,3
DA:92,5
DA:93,5
DA:96,41
DA:98,7
LF:31
LH:31
BRDA:35,0,0,7
BRDA:35,0,1,11
BRDA:38,1,0,1
BRDA:38,1,1,6
BRDA:39,2,0,1
BRDA:39,2,1,6
BRDA:40,3,0,2
BRDA:40,3,1,5
BRDA:43,4,0,7
BRDA:43,4,1,0
BRDA:44,5,0,7
BRDA:44,5,1,0
BRDA:45,6,0,7
BRDA:45,6,1,6
BRDA:46,7,0,7
BRDA:46,7,1,6
BRDA:47,8,0,7
BRDA:47,8,1,1
BRDA:53,9,0,1
BRDA:53,9,1,41
BRDA:65,10,0,2
BRDA:65,10,1,3
BRDA:68,11,0,2
BRDA:68,11,1,3
BRDA:71,12,0,2
BRDA:71,12,1,3
BRDA:78,13,0,2
BRDA:78,13,1,3
BRDA:83,14,0,2
BRDA:83,14,1,1
BRDA:83,15,0,3
BRDA:83,15,1,2
BRDA:85,16,0,1
BRDA:85,16,1,0
BRDA:87,17,0,2
BRDA:87,17,1,1
BRDA:87,18,0,5
BRDA:87,18,1,2
BRDA:89,19,0,1
BRDA:89,19,1,0
BRDA:118,20,0,41
BRDA:118,20,1,2
BRDA:142,21,0,42
BRDA:142,21,1,3
BRDA:193,22,0,42
BRDA:193,22,1,3
BRF:46
BRH:42
end_of_record
TN:
SF:src\Components\EmployeeHeader.jsx
FN:29,(anonymous_0)
FN:41,(anonymous_1)
FN:55,(anonymous_2)
FN:65,(anonymous_3)
FN:74,(anonymous_4)
FN:80,(anonymous_5)
FN:91,(anonymous_6)
FN:102,(anonymous_7)
FN:106,(anonymous_8)
FN:111,(anonymous_9)
FN:122,(anonymous_10)
FNF:11
FNH:11
FNDA:293,(anonymous_0)
FNDA:240,(anonymous_1)
FNDA:2,(anonymous_2)
FNDA:2,(anonymous_3)
FNDA:3,(anonymous_4)
FNDA:3,(anonymous_5)
FNDA:223,(anonymous_6)
FNDA:3,(anonymous_7)
FNDA:2,(anonymous_8)
FNDA:2,(anonymous_9)
FNDA:1,(anonymous_10)
DA:29,3
DA:36,293
DA:41,293
DA:42,240
DA:45,240
DA:46,13
DA:49,13
DA:50,1
DA:54,12
DA:55,4
DA:60,4
DA:64,8
DA:65,3
DA:70,3
DA:74,5
DA:80,5
DA:85,5
DA:87,5
DA:91,227
DA:96,227
DA:102,293
DA:103,3
DA:104,3
DA:106,3
DA:111,3
DA:116,3
DA:122,293
DA:123,1
DA:125,1
DA:126,1
DA:130,293
LF:31
LH:31
BRDA:45,0,0,13
BRDA:45,0,1,227
BRDA:49,1,0,1
BRDA:49,1,1,12
BRDA:54,2,0,4
BRDA:54,2,1,8
BRDA:64,3,0,3
BRDA:64,3,1,5
BRDA:125,4,0,1
BRDA:125,4,1,0
BRDA:140,5,0,6
BRDA:140,5,1,287
BRDA:154,6,0,6
BRDA:154,6,1,287
BRDA:173,7,0,293
BRDA:173,7,1,6
BRDA:196,8,0,293
BRDA:196,8,1,3
BRDA:222,9,0,293
BRDA:222,9,1,4
BRDA:237,10,0,293
BRDA:237,10,1,3
BRDA:256,11,0,293
BRDA:256,11,1,3
BRDA:272,12,0,293
BRDA:272,12,1,2
BRDA:294,13,0,293
BRDA:294,13,1,4
BRDA:311,14,0,293
BRDA:311,14,1,2
BRDA:330,15,0,293
BRDA:330,15,1,1
BRF:32
BRH:31
end_of_record
TN:
SF:src\Components\EmployeeModal.jsx
FN:27,(anonymous_0)
FN:31,(anonymous_1)
FN:37,(anonymous_2)
FN:43,(anonymous_3)
FN:47,(anonymous_4)
FN:48,(anonymous_5)
FN:49,(anonymous_6)
FN:53,(anonymous_7)
FN:61,(anonymous_8)
FN:94,(anonymous_9)
FN:98,(anonymous_10)
FN:124,(anonymous_11)
FN:134,(anonymous_12)
FNF:13
FNH:13
FNDA:25,(anonymous_0)
FNDA:25,(anonymous_1)
FNDA:16,(anonymous_2)
FNDA:44,(anonymous_3)
FNDA:6,(anonymous_4)
FNDA:6,(anonymous_5)
FNDA:1,(anonymous_6)
FNDA:5,(anonymous_7)
FNDA:2,(anonymous_8)
FNDA:2,(anonymous_9)
FNDA:1,(anonymous_10)
FNDA:42,(anonymous_11)
FNDA:6,(anonymous_12)
DA:27,1
DA:28,25
DA:30,25
DA:31,25
DA:34,25
DA:35,25
DA:37,25
DA:38,16
DA:39,15
DA:43,25
DA:44,44
DA:47,25
DA:48,6
DA:49,6
DA:53,25
DA:54,5
DA:55,1
DA:56,1
DA:59,4
DA:61,4
DA:62,5
DA:67,5
DA:71,3
DA:72,3
DA:75,3
DA:77,1
DA:81,25
DA:94,2
DA:98,1
DA:125,42
DA:134,6
LF:31
LH:31
BRDA:30,0,0,25
BRDA:38,1,0,15
BRDA:38,1,1,1
BRDA:43,2,0,25
BRDA:43,2,1,0
BRDA:49,3,0,1
BRDA:49,3,1,5
BRDA:54,4,0,1
BRDA:54,4,1,4
BRDA:61,5,0,4
BRDA:61,5,1,2
BRDA:97,6,0,25
BRDA:97,6,1,2
BRDA:103,7,0,1
BRDA:103,7,1,24
BRDA:117,8,0,2
BRDA:117,8,1,22
BRDA:117,9,0,24
BRDA:117,9,1,0
BRDA:129,10,0,42
BRDA:129,10,1,20
BRF:21
BRH:19
end_of_record
TN:
SF:src\Components\EmployeeTitle.jsx
FN:28,(anonymous_0)
FN:77,(anonymous_1)
FN:82,(anonymous_2)
FN:111,(anonymous_3)
FN:121,(anonymous_4)
FN:146,(anonymous_5)
FN:169,(anonymous_6)
FN:186,(anonymous_7)
FN:196,(anonymous_8)
FN:211,(anonymous_9)
FNF:10
FNH:9
FNDA:25,(anonymous_0)
FNDA:0,(anonymous_1)
FNDA:3,(anonymous_2)
FNDA:3,(anonymous_3)
FNDA:1,(anonymous_4)
FNDA:1,(anonymous_5)
FNDA:1,(anonymous_6)
FNDA:1,(anonymous_7)
FNDA:1,(anonymous_8)
FNDA:107,(anonymous_9)
DA:28,2
DA:73,25
DA:74,25
DA:75,25
DA:77,25
DA:78,0
DA:79,0
DA:82,25
DA:83,3
DA:84,2
DA:90,1
DA:92,3
DA:97,3
DA:99,3
DA:108,25
DA:109,1
DA:110,24
DA:111,3
DA:113,22
DA:116,25
DA:121,1
DA:146,1
DA:169,1
DA:187,1
DA:197,1
DA:212,107
LF:26
LH:24
BRDA:29,0,0,25
BRDA:30,1,0,25
BRDA:31,2,0,25
BRDA:32,3,0,25
BRDA:33,4,0,25
BRDA:34,5,0,25
BRDA:35,6,0,25
BRDA:36,7,0,25
BRDA:40,8,0,25
BRDA:41,9,0,25
BRDA:42,10,0,25
BRDA:43,11,0,25
BRDA:44,12,0,25
BRDA:45,13,0,25
BRDA:46,14,0,25
BRDA:49,15,0,25
BRDA:64,16,0,25
BRDA:65,17,0,25
BRDA:66,18,0,25
BRDA:67,19,0,25
BRDA:79,20,0,0
BRDA:79,20,1,0
BRDA:83,21,0,2
BRDA:83,21,1,1
BRDA:83,22,0,3
BRDA:83,22,1,2
BRDA:90,23,0,1
BRDA:90,23,1,0
BRDA:90,23,2,0
BRDA:90,23,3,0
BRDA:90,23,4,0
BRDA:92,24,0,3
BRDA:92,24,1,0
BRDA:92,24,2,0
BRDA:92,24,3,0
BRDA:92,24,4,0
BRDA:97,25,0,3
BRDA:97,25,1,0
BRDA:108,26,0,1
BRDA:108,26,1,24
BRDA:110,27,0,2
BRDA:110,27,1,22
BRDA:110,28,0,24
BRDA:110,28,1,24
BRDA:120,29,0,25
BRDA:120,29,1,25
BRDA:126,30,0,25
BRDA:126,30,1,25
BRDA:126,30,2,2
BRDA:133,31,0,25
BRDA:133,31,1,25
BRDA:134,32,0,25
BRDA:134,32,1,25
BRDA:136,33,0,25
BRDA:136,33,1,3
BRDA:136,33,2,23
BRDA:140,34,0,23
BRDA:140,34,1,22
BRDA:142,35,0,1
BRDA:142,35,1,21
BRDA:146,36,0,21
BRDA:146,36,1,1
BRDA:148,37,0,0
BRDA:148,37,1,21
BRDA:168,38,0,23
BRDA:168,38,1,22
BRDA:176,39,0,25
BRDA:176,39,1,3
BRDA:176,39,2,23
BRDA:180,40,0,23
BRDA:180,40,1,22
BRDA:187,41,0,1
BRDA:187,41,1,1
BRDA:193,42,0,23
BRDA:193,42,1,22
BRDA:195,43,0,22
BRDA:195,43,1,0
BRDA:197,44,0,1
BRDA:197,44,1,1
BRDA:207,45,0,25
BRDA:207,45,1,22
BRF:81
BRH:68
end_of_record
TN:
SF:src\Components\ErrorBoundary.jsx
FN:5,constructor
FN:10,getDerivedStateFromError
FN:14,render
FNF:3
FNH:3
FNDA:4,constructor
FNDA:1,getDerivedStateFromError
FNDA:5,render
DA:6,4
DA:7,4
DA:11,3
DA:15,5
DA:16,2
DA:18,3
LF:6
LH:6
BRDA:15,0,0,2
BRDA:15,0,1,3
BRF:2
BRH:2
end_of_record
TN:
SF:src\Components\HalfDoughnutChart.jsx
FN:18,(anonymous_0)
FN:61,(anonymous_1)
FNF:2
FNH:2
FNDA:50,(anonymous_0)
FNDA:5,(anonymous_1)
DA:16,1
DA:18,1
DA:19,50
DA:20,50
DA:22,50
DA:26,50
DA:27,2
DA:28,48
DA:29,1
DA:30,47
DA:31,1
DA:32,46
DA:33,45
DA:35,1
DA:38,50
DA:51,50
DA:62,5
DA:63,4
DA:64,4
DA:65,4
DA:70,50
LF:21
LH:21
BRDA:26,0,0,2
BRDA:26,0,1,48
BRDA:28,1,0,1
BRDA:28,1,1,47
BRDA:30,2,0,1
BRDA:30,2,1,46
BRDA:32,3,0,45
BRDA:32,3,1,1
BRDA:62,4,0,4
BRDA:62,4,1,1
BRDA:64,5,0,2
BRDA:64,5,1,2
BRDA:65,6,0,1
BRDA:65,6,1,3
BRF:14
BRH:14
end_of_record
TN:
SF:src\Components\Header.jsx
FN:23,(anonymous_0)
FN:26,(anonymous_1)
FN:31,(anonymous_2)
FN:36,(anonymous_3)
FN:42,(anonymous_4)
FNF:5
FNH:4
FNDA:30,(anonymous_0)
FNDA:0,(anonymous_1)
FNDA:4,(anonymous_2)
FNDA:3,(anonymous_3)
FNDA:14,(anonymous_4)
DA:23,1
DA:30,30
DA:31,30
DA:32,4
DA:33,3
DA:36,30
DA:37,3
DA:38,3
DA:39,1
DA:42,30
DA:43,14
DA:45,10
DA:46,10
DA:47,10
DA:48,10
DA:50,10
DA:52,30
LF:17
LH:17
BRDA:24,0,0,30
BRDA:25,1,0,30
BRDA:26,2,0,0
BRDA:32,3,0,3
BRDA:32,3,1,1
BRDA:32,4,0,4
BRDA:32,4,1,3
BRDA:38,5,0,1
BRDA:38,5,1,2
BRDA:38,6,0,3
BRDA:38,6,1,2
BRDA:43,7,0,4
BRDA:43,7,1,10
BRDA:55,8,0,30
BRDA:55,8,1,2
BRDA:61,9,0,25
BRDA:61,9,1,5
BRDA:64,10,0,1
BRDA:64,10,1,24
BRDA:81,11,0,30
BRDA:81,11,1,16
BRDA:105,12,0,30
BRDA:105,12,1,4
BRDA:116,13,0,30
BRDA:116,13,1,4
BRDA:126,14,0,30
BRDA:126,14,1,4
BRDA:137,15,0,30
BRDA:137,15,1,4
BRDA:146,16,0,16
BRDA:146,16,1,14
BRDA:149,17,0,16
BRDA:149,17,1,14
BRDA:150,18,0,14
BRDA:150,18,1,2
BRDA:164,19,0,30
BRDA:164,19,1,4
BRF:37
BRH:36
end_of_record
TN:
SF:src\Components\HolidayHeading.jsx
FN:8,(anonymous_0)
FNF:1
FNH:1
FNDA:12,(anonymous_0)
DA:8,1
DA:9,12
LF:2
LH:2
BRF:0
BRH:0
end_of_record
TN:
SF:src\Components\JobDetails.jsx
FN:23,(anonymous_0)
FN:26,(anonymous_1)
FN:59,(anonymous_2)
FN:60,(anonymous_3)
FN:62,(anonymous_4)
FN:70,(anonymous_5)
FN:91,(anonymous_6)
FN:98,(anonymous_7)
FN:105,(anonymous_8)
FN:114,(anonymous_9)
FN:122,(anonymous_10)
FN:127,(anonymous_11)
FN:146,(anonymous_12)
FN:154,(anonymous_13)
FN:171,(anonymous_14)
FN:193,(anonymous_15)
FN:194,(anonymous_16)
FN:195,(anonymous_17)
FN:198,(anonymous_18)
FN:230,(anonymous_19)
FN:374,(anonymous_20)
FNF:21
FNH:20
FNDA:98,(anonymous_0)
FNDA:4,(anonymous_1)
FNDA:32,(anonymous_2)
FNDA:6,(anonymous_3)
FNDA:33,(anonymous_4)
FNDA:33,(anonymous_5)
FNDA:18,(anonymous_6)
FNDA:1,(anonymous_7)
FNDA:2,(anonymous_8)
FNDA:1,(anonymous_9)
FNDA:2,(anonymous_10)
FNDA:2,(anonymous_11)
FNDA:12,(anonymous_12)
FNDA:15,(anonymous_13)
FNDA:158,(anonymous_14)
FNDA:98,(anonymous_15)
FNDA:15,(anonymous_16)
FNDA:4,(anonymous_17)
FNDA:980,(anonymous_18)
FNDA:188,(anonymous_19)
FNDA:0,(anonymous_20)
DA:23,2
DA:24,98
DA:25,98
DA:26,98
DA:27,98
DA:29,98
DA:56,98
DA:57,98
DA:59,98
DA:60,32
DA:62,98
DA:63,33
DA:70,33
DA:75,33
DA:76,33
DA:91,98
DA:92,18
DA:94,18
DA:95,6
DA:97,6
DA:98,1
DA:99,1
DA:100,1
DA:104,5
DA:105,2
DA:109,2
DA:113,3
DA:114,1
DA:118,1
DA:122,2
DA:127,2
DA:132,2
DA:133,2
DA:143,2
DA:146,12
DA:151,12
DA:154,98
DA:155,15
DA:156,15
DA:157,15
DA:158,15
DA:165,15
DA:166,12
DA:168,15
DA:169,4
DA:171,15
DA:172,158
DA:174,15
DA:175,1
DA:177,15
DA:178,7
DA:179,7
DA:180,1
DA:183,15
DA:184,15
DA:185,15
DA:186,15
DA:187,15
DA:189,15
DA:190,15
DA:193,98
DA:194,15
DA:195,4
DA:198,980
DA:199,98
DA:201,98
DA:207,98
DA:230,188
DA:375,0
LF:69
LH:68
BRDA:23,0,0,98
BRDA:23,1,0,98
BRDA:24,2,0,98
BRDA:24,2,1,96
BRDA:24,2,2,96
BRDA:25,3,0,98
BRDA:25,3,1,4
BRDA:25,3,2,2
BRDA:26,4,0,4
BRDA:26,4,1,0
BRDA:27,5,0,93
BRDA:27,5,1,5
BRDA:60,6,0,6
BRDA:60,6,1,26
BRDA:60,7,0,32
BRDA:60,7,1,32
BRDA:64,8,0,33
BRDA:64,8,1,28
BRDA:65,9,0,33
BRDA:65,9,1,32
BRDA:66,10,0,33
BRDA:66,10,1,33
BRDA:67,11,0,33
BRDA:67,11,1,33
BRDA:68,12,0,33
BRDA:68,12,1,33
BRDA:75,13,0,33
BRDA:75,13,1,0
BRDA:94,14,0,6
BRDA:94,14,1,12
BRDA:97,15,0,1
BRDA:97,15,1,5
BRDA:99,16,0,1
BRDA:99,16,1,0
BRDA:104,17,0,2
BRDA:104,17,1,3
BRDA:113,18,0,1
BRDA:113,18,1,2
BRDA:132,19,0,2
BRDA:132,19,1,0
BRDA:151,20,0,12
BRDA:151,20,1,0
BRDA:159,21,0,15
BRDA:159,21,1,12
BRDA:160,22,0,15
BRDA:160,22,1,15
BRDA:161,23,0,15
BRDA:161,23,1,15
BRDA:162,24,0,15
BRDA:162,24,1,15
BRDA:163,25,0,15
BRDA:163,25,1,15
BRDA:165,26,0,12
BRDA:165,26,1,3
BRDA:168,27,0,11
BRDA:168,27,1,4
BRDA:172,28,0,121
BRDA:172,28,1,37
BRDA:172,29,0,158
BRDA:172,29,1,37
BRDA:172,29,2,34
BRDA:174,30,0,1
BRDA:174,30,1,14
BRDA:174,31,0,15
BRDA:174,31,1,11
BRDA:174,31,2,4
BRDA:177,32,0,7
BRDA:177,32,1,8
BRDA:179,33,0,1
BRDA:179,33,1,6
BRDA:179,34,0,7
BRDA:179,34,1,5
BRDA:179,35,0,1
BRDA:179,35,1,5
BRDA:180,36,0,6
BRDA:180,36,1,2
BRDA:183,37,0,1
BRDA:183,37,1,14
BRDA:183,38,0,15
BRDA:183,38,1,3
BRDA:184,39,0,1
BRDA:184,39,1,14
BRDA:184,40,0,15
BRDA:184,40,1,3
BRDA:185,41,0,1
BRDA:185,41,1,14
BRDA:185,42,0,15
BRDA:185,42,1,4
BRDA:186,43,0,1
BRDA:186,43,1,14
BRDA:186,44,0,15
BRDA:186,44,1,1
BRDA:187,45,0,1
BRDA:187,45,1,14
BRDA:187,46,0,15
BRDA:187,46,1,1
BRDA:198,47,0,980
BRDA:198,47,1,91
BRDA:255,48,0,98
BRDA:255,48,1,12
BRDA:357,49,0,98
BRDA:357,49,1,96
BRDA:359,50,0,98
BRDA:359,50,1,3
BRDA:363,51,0,79
BRDA:363,51,1,19
BRDA:375,52,0,0
BRDA:375,52,1,0
BRF:108
BRH:101
end_of_record
TN:
SF:src\Components\Layout.jsx
FN:7,(anonymous_0)
FNF:1
FNH:1
FNDA:7,(anonymous_0)
DA:7,1
DA:8,7
LF:2
LH:2
BRF:0
BRH:0
end_of_record
TN:
SF:src\Components\Loader.jsx
FN:63,(anonymous_0)
FNF:1
FNH:0
FNDA:0,(anonymous_0)
DA:5,1
DA:10,1
DA:26,1
DA:35,1
DA:42,1
DA:56,1
DA:63,1
DA:64,0
LF:8
LH:7
BRF:0
BRH:0
end_of_record
TN:
SF:src\Components\Loder.jsx
FN:42,(anonymous_0)
FNF:1
FNH:1
FNDA:7,(anonymous_0)
DA:4,1
DA:9,1
DA:22,1
DA:42,1
DA:43,7
LF:5
LH:5
BRF:0
BRH:0
end_of_record
TN:
SF:src\Components\ModalShift.jsx
FN:17,(anonymous_0)
FN:28,(anonymous_1)
FN:35,(anonymous_2)
FN:37,(anonymous_3)
FN:50,(anonymous_4)
FN:52,(anonymous_5)
FN:66,(anonymous_6)
FN:70,(anonymous_7)
FN:75,(anonymous_8)
FN:84,(anonymous_9)
FN:85,(anonymous_10)
FN:97,(anonymous_11)
FN:102,(anonymous_12)
FN:108,(anonymous_13)
FN:128,(anonymous_14)
FN:139,(anonymous_15)
FN:157,(anonymous_16)
FNF:17
FNH:17
FNDA:35,(anonymous_0)
FNDA:27,(anonymous_1)
FNDA:35,(anonymous_2)
FNDA:8,(anonymous_3)
FNDA:35,(anonymous_4)
FNDA:4,(anonymous_5)
FNDA:35,(anonymous_6)
FNDA:6,(anonymous_7)
FNDA:12,(anonymous_8)
FNDA:35,(anonymous_9)
FNDA:2,(anonymous_10)
FNDA:35,(anonymous_11)
FNDA:1,(anonymous_12)
FNDA:9,(anonymous_13)
FNDA:6,(anonymous_14)
FNDA:1,(anonymous_15)
FNDA:11,(anonymous_16)
DA:17,1
DA:25,35
DA:26,35
DA:28,35
DA:29,27
DA:30,10
DA:31,27
DA:32,27
DA:35,35
DA:36,35
DA:37,33
DA:50,35
DA:51,35
DA:52,33
DA:66,35
DA:67,35
DA:69,35
DA:70,6
DA:73,35
DA:75,35
DA:76,12
DA:77,11
DA:81,35
DA:84,35
DA:85,35
DA:86,2
DA:87,1
DA:91,35
DA:92,5
DA:94,30
DA:97,35
DA:98,35
DA:102,35
DA:103,1
DA:106,35
DA:108,9
DA:128,6
DA:140,1
DA:141,1
DA:158,11
LF:40
LH:40
BRDA:18,0,0,35
BRDA:21,1,0,35
BRDA:22,2,0,35
BRDA:29,3,0,17
BRDA:29,3,1,10
BRDA:30,4,0,7
BRDA:30,4,1,3
BRDA:32,5,0,1
BRDA:32,5,1,9
BRDA:36,6,0,2
BRDA:36,6,1,33
BRDA:43,7,0,8
BRDA:43,7,1,1
BRDA:51,8,0,2
BRDA:51,8,1,33
BRDA:54,9,0,4
BRDA:54,9,1,1
BRDA:59,10,0,4
BRDA:59,10,1,1
BRDA:62,11,0,4
BRDA:62,11,1,1
BRDA:76,12,0,11
BRDA:76,12,1,1
BRDA:86,13,0,1
BRDA:86,13,1,1
BRDA:86,14,0,2
BRDA:86,14,1,2
BRDA:91,15,0,5
BRDA:91,15,1,30
BRDA:103,16,0,1
BRDA:103,16,1,0
BRDA:114,17,0,35
BRDA:114,17,1,17
BRDA:133,18,0,17
BRDA:133,18,1,5
BRDA:156,19,0,8
BRDA:156,19,1,27
BRDA:162,20,0,4
BRDA:162,20,1,7
BRDA:159,21,0,11
BRDA:159,21,1,0
BRF:41
BRH:39
end_of_record
TN:
SF:src\Components\Multistep.jsx
FN:12,(anonymous_0)
FNF:1
FNH:1
FNDA:2,(anonymous_0)
DA:6,1
DA:12,1
DA:13,2
LF:3
LH:3
BRF:0
BRH:0
end_of_record
TN:
SF:src\Components\Navbar.jsx
FN:12,Navbar
FN:27,(anonymous_1)
FN:28,(anonymous_2)
FN:34,(anonymous_3)
FN:37,(anonymous_4)
FN:42,(anonymous_5)
FN:49,(anonymous_6)
FN:67,(anonymous_7)
FN:100,(anonymous_8)
FN:100,(anonymous_9)
FN:132,(anonymous_10)
FN:134,(anonymous_11)
FN:134,(anonymous_12)
FN:145,(anonymous_13)
FN:147,(anonymous_14)
FN:147,(anonymous_15)
FN:229,(anonymous_16)
FN:258,(anonymous_17)
FN:384,(anonymous_18)
FNF:19
FNH:19
FNDA:143,Navbar
FNDA:17,(anonymous_1)
FNDA:13,(anonymous_2)
FNDA:17,(anonymous_3)
FNDA:10,(anonymous_4)
FNDA:1,(anonymous_5)
FNDA:2,(anonymous_6)
FNDA:6,(anonymous_7)
FNDA:17,(anonymous_8)
FNDA:17,(anonymous_9)
FNDA:38,(anonymous_10)
FNDA:1,(anonymous_11)
FNDA:1,(anonymous_12)
FNDA:35,(anonymous_13)
FNDA:1,(anonymous_14)
FNDA:1,(anonymous_15)
FNDA:132,(anonymous_16)
FNDA:32,(anonymous_17)
FNDA:6,(anonymous_18)
DA:13,143
DA:14,143
DA:15,143
DA:16,143
DA:17,143
DA:18,143
DA:19,143
DA:20,143
DA:22,143
DA:23,143
DA:24,143
DA:27,143
DA:28,17
DA:29,13
DA:30,12
DA:33,17
DA:34,17
DA:37,143
DA:38,10
DA:39,10
DA:42,143
DA:43,1
DA:44,1
DA:45,1
DA:46,1
DA:49,143
DA:50,2
DA:60,2
DA:61,1
DA:62,1
DA:63,1
DA:67,143
DA:69,6
DA:70,1
DA:71,1
DA:73,5
DA:74,1
DA:75,1
DA:78,4
DA:79,4
DA:80,4
DA:84,2
DA:85,2
DA:87,2
DA:92,4
DA:96,143
DA:100,17
DA:132,38
DA:134,1
DA:145,35
DA:147,1
DA:176,1
DA:185,1
DA:189,1
DA:205,1
DA:219,1
DA:225,1
DA:229,132
DA:232,1
DA:251,1
DA:258,32
DA:263,1
DA:269,1
DA:277,1
DA:287,1
DA:301,1
DA:314,1
DA:321,1
DA:328,1
DA:333,1
DA:346,1
DA:361,1
DA:380,1
DA:384,6
LF:74
LH:74
BRDA:12,0,0,143
BRDA:29,1,0,12
BRDA:29,1,1,1
BRDA:29,2,0,13
BRDA:29,2,1,13
BRDA:60,3,0,1
BRDA:60,3,1,1
BRDA:69,4,0,1
BRDA:69,4,1,5
BRDA:69,5,0,6
BRDA:69,5,1,5
BRDA:73,6,0,1
BRDA:73,6,1,4
BRDA:88,7,0,2
BRDA:88,7,1,1
BRDA:106,8,0,143
BRDA:106,8,1,16
BRDA:120,9,0,143
BRDA:120,9,1,106
BRDA:129,10,0,1
BRDA:129,10,1,105
BRDA:135,11,0,1
BRDA:135,11,1,105
BRDA:142,12,0,1
BRDA:142,12,1,105
BRDA:148,13,0,1
BRDA:148,13,1,105
BRDA:153,14,0,4
BRDA:153,14,1,102
BRDA:160,15,0,106
BRDA:160,15,1,6
BRDA:229,16,0,16
BRDA:229,16,1,116
BRDA:258,17,0,16
BRDA:258,17,1,16
BRDA:384,18,0,2
BRDA:384,18,1,4
BRF:37
BRH:37
end_of_record
TN:
SF:src\Components\Plan.jsx
FN:23,(anonymous_0)
FN:32,(anonymous_1)
FN:38,(anonymous_2)
FN:51,(anonymous_3)
FN:68,(anonymous_4)
FN:70,(anonymous_5)
FN:75,(anonymous_6)
FN:129,(anonymous_7)
FN:140,(anonymous_8)
FN:159,(anonymous_9)
FN:171,(anonymous_10)
FNF:11
FNH:11
FNDA:53,(anonymous_0)
FNDA:25,(anonymous_1)
FNDA:26,(anonymous_2)
FNDA:3,(anonymous_3)
FNDA:3,(anonymous_4)
FNDA:3,(anonymous_5)
FNDA:3,(anonymous_6)
FNDA:48,(anonymous_7)
FNDA:3,(anonymous_8)
FNDA:3,(anonymous_9)
FNDA:3,(anonymous_10)
DA:23,1
DA:24,53
DA:25,53
DA:27,53
DA:28,53
DA:29,53
DA:30,53
DA:32,53
DA:33,25
DA:34,24
DA:38,53
DA:39,26
DA:40,26
DA:41,25
DA:42,26
DA:43,26
DA:45,1
DA:46,1
DA:47,1
DA:51,53
DA:52,3
DA:53,3
DA:54,3
DA:57,2
DA:59,1
DA:63,53
DA:68,53
DA:69,3
DA:70,3
DA:71,3
DA:75,53
DA:76,3
DA:77,3
DA:82,2
DA:84,1
DA:88,53
DA:130,48
DA:140,3
DA:159,3
DA:171,3
LF:40
LH:40
BRDA:25,0,0,53
BRDA:25,0,1,3
BRDA:33,1,0,24
BRDA:33,1,1,1
BRDA:41,2,0,25
BRDA:41,2,1,1
BRDA:42,3,0,26
BRDA:42,3,1,1
BRDA:43,4,0,26
BRDA:43,4,1,1
BRDA:52,5,0,2
BRDA:52,5,1,1
BRDA:124,6,0,28
BRDA:124,6,1,25
BRDA:133,7,0,48
BRDA:133,7,1,24
BRDA:143,8,0,24
BRDA:143,8,1,24
BRDA:196,9,0,53
BRDA:196,9,1,3
BRF:20
BRH:20
end_of_record
TN:
SF:src\Components\ProgressModal.jsx
FN:28,(anonymous_0)
FN:31,(anonymous_1)
FNF:2
FNH:2
FNDA:7,(anonymous_0)
FNDA:10,(anonymous_1)
DA:4,1
DA:28,1
DA:29,7
DA:31,10
DA:33,7
LF:5
LH:5
BRDA:29,0,0,2
BRDA:29,0,1,5
BRDA:29,1,0,7
BRDA:29,1,1,6
BRDA:31,2,0,5
BRDA:31,2,1,1
BRF:6
BRH:6
end_of_record
TN:
SF:src\Components\ReadOnlyBankPayment.jsx
FN:47,(anonymous_0)
FNF:1
FNH:1
FNDA:6,(anonymous_0)
DA:4,1
DA:12,1
DA:18,1
DA:26,1
DA:35,1
DA:41,1
DA:47,1
DA:48,6
DA:50,4
LF:9
LH:9
BRDA:48,0,0,2
BRDA:48,0,1,4
BRDA:67,1,0,4
BRDA:67,1,1,2
BRDA:68,2,0,6
BRDA:68,2,1,3
BRDA:69,3,0,6
BRDA:69,3,1,2
BRDA:70,4,0,6
BRDA:70,4,1,2
BRDA:71,5,0,6
BRDA:71,5,1,3
BRDA:72,6,0,6
BRDA:72,6,1,2
BRDA:73,7,0,6
BRDA:73,7,1,3
BRF:16
BRH:16
end_of_record
TN:
SF:src\Components\RequireAuth.jsx
FN:5,(anonymous_0)
FN:6,(anonymous_1)
FNF:2
FNH:1
FNDA:7,(anonymous_0)
FNDA:0,(anonymous_1)
DA:5,1
DA:6,7
DA:10,7
DA:12,7
DA:14,7
LF:5
LH:5
BRDA:10,0,0,7
BRDA:10,0,1,4
BRDA:12,1,0,7
BRDA:12,1,1,5
BRDA:14,2,0,6
BRDA:14,2,1,1
BRF:6
BRH:6
end_of_record
TN:
SF:src\Components\Sidebar.jsx
FN:28,Sidebar
FN:33,(anonymous_1)
FN:34,(anonymous_2)
FN:40,(anonymous_3)
FN:53,(anonymous_4)
FN:67,(anonymous_5)
FN:76,(anonymous_6)
FNF:7
FNH:5
FNDA:74,Sidebar
FNDA:0,(anonymous_1)
FNDA:0,(anonymous_2)
FNDA:3,(anonymous_3)
FNDA:466,(anonymous_4)
FNDA:404,(anonymous_5)
FNDA:5,(anonymous_6)
DA:29,74
DA:30,74
DA:31,74
DA:33,74
DA:34,74
DA:35,74
DA:37,74
DA:40,74
DA:41,3
DA:42,3
DA:43,3
DA:45,2
DA:47,1
DA:48,1
DA:49,1
DA:53,74
DA:54,466
DA:55,410
DA:58,74
DA:67,74
DA:68,404
DA:71,74
DA:73,73
DA:76,5
LF:24
LH:24
BRDA:35,0,0,74
BRDA:35,0,1,2
BRDA:37,1,0,74
BRDA:37,1,1,1
BRDA:43,2,0,1
BRDA:43,2,1,2
BRDA:54,3,0,56
BRDA:54,3,1,410
BRDA:54,4,0,41
BRDA:54,4,1,15
BRDA:55,5,0,7
BRDA:55,5,1,403
BRDA:71,6,0,1
BRDA:71,6,1,73
BRDA:74,7,0,4
BRDA:74,7,1,69
BRDA:77,8,0,4
BRDA:77,8,1,69
BRDA:78,9,0,1
BRDA:78,9,1,72
BRDA:91,10,0,74
BRDA:91,10,1,6
BRDA:95,11,0,0
BRDA:95,11,1,6
BRDA:104,12,0,74
BRDA:104,12,1,6
BRDA:108,13,0,0
BRDA:108,13,1,6
BRDA:117,14,0,74
BRDA:117,14,1,6
BRDA:121,15,0,0
BRDA:121,15,1,6
BRDA:125,16,0,74
BRDA:125,16,1,8
BRDA:125,16,2,66
BRDA:125,16,3,65
BRDA:131,17,0,65
BRDA:131,17,1,56
BRDA:135,18,0,4
BRDA:135,18,1,52
BRDA:142,19,0,65
BRDA:142,19,1,56
BRDA:147,20,0,4
BRDA:147,20,1,52
BRDA:148,21,0,8
BRDA:148,21,1,48
BRDA:157,22,0,65
BRDA:157,22,1,56
BRDA:161,23,0,4
BRDA:161,23,1,52
BRDA:170,24,0,65
BRDA:170,24,1,56
BRDA:174,25,0,4
BRDA:174,25,1,52
BRDA:183,26,0,65
BRDA:183,26,1,56
BRDA:187,27,0,4
BRDA:187,27,1,52
BRDA:194,28,0,65
BRDA:194,28,1,56
BRDA:198,29,0,4
BRDA:198,29,1,52
BRDA:207,30,0,65
BRDA:207,30,1,56
BRDA:211,31,0,4
BRDA:211,31,1,52
BRDA:218,32,0,65
BRDA:218,32,1,56
BRDA:222,33,0,4
BRDA:222,33,1,52
BRDA:231,34,0,65
BRDA:231,34,1,56
BRDA:235,35,0,4
BRDA:235,35,1,52
BRDA:250,36,0,4
BRDA:250,36,1,69
BRF:76
BRH:73
end_of_record
TN:
SF:src\Components\Succes.jsx
FN:12,(anonymous_0)
FN:23,(anonymous_1)
FN:32,(anonymous_2)
FNF:3
FNH:3
FNDA:8,(anonymous_0)
FNDA:2,(anonymous_1)
FNDA:2,(anonymous_2)
DA:12,1
DA:13,8
DA:24,2
DA:25,2
DA:33,2
DA:34,2
LF:6
LH:6
BRF:0
BRH:0
end_of_record
TN:
SF:src\Components\Table.jsx
FN:18,(anonymous_0)
FN:25,(anonymous_1)
FN:72,(anonymous_2)
FN:83,(anonymous_3)
FN:95,(anonymous_4)
FN:116,(anonymous_5)
FN:134,(anonymous_6)
FN:152,(anonymous_7)
FN:162,(anonymous_8)
FN:178,(anonymous_9)
FN:181,(anonymous_10)
FN:195,(anonymous_11)
FNF:12
FNH:9
FNDA:904,(anonymous_0)
FNDA:113,(anonymous_1)
FNDA:19,(anonymous_2)
FNDA:20,(anonymous_3)
FNDA:0,(anonymous_4)
FNDA:24,(anonymous_5)
FNDA:11,(anonymous_6)
FNDA:20,(anonymous_7)
FNDA:2,(anonymous_8)
FNDA:0,(anonymous_9)
FNDA:452,(anonymous_10)
FNDA:0,(anonymous_11)
DA:18,1
DA:19,904
DA:25,1
DA:58,113
DA:72,19
DA:83,20
DA:95,0
DA:117,24
DA:134,11
DA:152,20
DA:162,2
DA:178,0
DA:182,452
DA:195,0
LF:14
LH:11
BRDA:19,0,0,14
BRDA:19,0,1,890
BRDA:53,1,0,113
BRDA:54,2,0,113
BRDA:88,3,0,113
BRDA:88,3,1,3
BRDA:105,4,0,110
BRDA:105,4,1,3
BRDA:111,5,0,110
BRDA:111,5,1,3
BRDA:115,6,0,110
BRDA:115,6,1,3
BRDA:117,7,0,23
BRDA:117,7,1,1
BRDA:123,8,0,110
BRDA:123,8,1,3
BRDA:145,9,0,113
BRDA:145,9,1,110
BRDA:206,10,0,113
BRDA:206,10,1,106
BRF:20
BRH:20
end_of_record
TN:
SF:src\Components\TopCard.jsx
FN:19,(anonymous_0)
FN:34,(anonymous_1)
FNF:2
FNH:2
FNDA:10,(anonymous_0)
FNDA:10,(anonymous_1)
DA:19,1
DA:20,10
DA:35,10
LF:3
LH:3
BRDA:36,0,0,10
BRDA:36,0,1,1
BRF:2
BRH:2
end_of_record
TN:
SF:src\Components\UnsavedChangesGuard.jsx
FN:14,useBlocker
FN:19,(anonymous_1)
FN:25,(anonymous_2)
FN:29,(anonymous_3)
FN:34,(anonymous_4)
FN:47,UnsavedChangesGuard
FN:48,(anonymous_6)
FN:53,(anonymous_7)
FN:66,(anonymous_8)
FN:80,(anonymous_9)
FN:81,(anonymous_10)
FN:88,(anonymous_11)
FNF:12
FNH:7
FNDA:2,useBlocker
FNDA:2,(anonymous_1)
FNDA:0,(anonymous_2)
FNDA:0,(anonymous_3)
FNDA:2,(anonymous_4)
FNDA:2,UnsavedChangesGuard
FNDA:3,(anonymous_6)
FNDA:0,(anonymous_7)
FNDA:0,(anonymous_8)
FNDA:1,(anonymous_9)
FNDA:0,(anonymous_10)
FNDA:1,(anonymous_11)
DA:12,1
DA:15,2
DA:16,2
DA:17,2
DA:19,2
DA:20,2
DA:22,2
DA:23,2
DA:25,2
DA:26,0
DA:27,0
DA:29,2
DA:30,0
DA:31,0
DA:34,2
DA:35,2
DA:36,2
DA:41,2
DA:42,2
DA:44,2
DA:48,3
DA:49,2
DA:50,2
DA:52,2
DA:54,0
DA:55,0
DA:57,0
DA:67,0
DA:68,0
DA:72,0
DA:74,0
DA:80,2
DA:81,1
DA:82,0
DA:83,0
DA:84,0
DA:87,1
DA:88,1
DA:89,1
DA:92,2
LF:40
LH:26
BRDA:14,0,0,2
BRDA:20,1,0,0
BRDA:20,1,1,2
BRDA:26,2,0,0
BRDA:26,2,1,0
BRDA:30,3,0,0
BRDA:30,3,1,0
BRDA:54,4,0,0
BRDA:54,4,1,0
BRDA:67,5,0,0
BRDA:67,5,1,0
BRDA:82,6,0,0
BRDA:82,6,1,0
BRF:13
BRH:2
end_of_record
TN:
SF:src\Components\VerificationCircle.jsx
FN:33,(anonymous_0)
FN:86,(anonymous_1)
FN:94,(anonymous_2)
FN:104,(anonymous_3)
FNF:4
FNH:4
FNDA:22,(anonymous_0)
FNDA:11,(anonymous_1)
FNDA:2,(anonymous_2)
FNDA:3,(anonymous_3)
DA:6,1
DA:25,1
DA:33,22
DA:86,1
DA:91,11
DA:95,2
DA:105,3
LF:7
LH:7
BRDA:33,0,0,7
BRDA:33,0,1,15
BRDA:95,1,0,2
BRDA:95,1,1,1
BRDA:98,2,0,11
BRDA:98,2,1,4
BRDA:105,3,0,3
BRDA:105,3,1,2
BRDA:109,4,0,11
BRDA:109,4,1,3
BRF:10
BRH:10
end_of_record
TN:
SF:src\Components\ChangePasswordModal\ChangePasswordModal.jsx
FN:19,(anonymous_0)
FN:25,(anonymous_1)
FN:73,(anonymous_2)
FN:83,(anonymous_3)
FN:87,(anonymous_4)
FN:87,(anonymous_5)
FN:100,(anonymous_6)
FN:104,(anonymous_7)
FN:104,(anonymous_8)
FNF:9
FNH:9
FNDA:63,(anonymous_0)
FNDA:12,(anonymous_1)
FNDA:18,(anonymous_2)
FNDA:11,(anonymous_3)
FNDA:2,(anonymous_4)
FNDA:2,(anonymous_5)
FNDA:11,(anonymous_6)
FNDA:2,(anonymous_7)
FNDA:2,(anonymous_8)
DA:19,1
DA:20,63
DA:21,63
DA:22,63
DA:23,63
DA:24,63
DA:25,63
DA:26,12
DA:27,3
DA:31,3
DA:34,9
DA:35,1
DA:39,1
DA:42,8
DA:43,8
DA:45,8
DA:50,4
DA:56,4
DA:58,4
DA:67,8
DA:71,63
DA:73,18
DA:83,11
DA:87,2
DA:100,11
DA:104,2
LF:26
LH:26
BRDA:26,0,0,3
BRDA:26,0,1,9
BRDA:26,1,0,12
BRDA:26,1,1,10
BRDA:34,2,0,1
BRDA:34,2,1,8
BRDA:62,3,0,4
BRDA:62,3,1,3
BRDA:62,3,2,2
BRDA:81,4,0,1
BRDA:81,4,1,62
BRDA:88,5,0,1
BRDA:88,5,1,62
BRDA:98,6,0,1
BRDA:98,6,1,62
BRDA:105,7,0,1
BRDA:105,7,1,62
BRDA:114,8,0,8
BRDA:114,8,1,55
BRF:19
BRH:19
end_of_record
TN:
SF:src\Components\No found\Noemployeefound.jsx
FN:97,(anonymous_0)
FNF:1
FNH:1
FNDA:5,(anonymous_0)
DA:5,1
DA:11,1
DA:16,1
DA:22,1
DA:33,1
DA:38,1
DA:58,1
DA:64,1
DA:73,1
DA:82,1
DA:87,1
DA:97,1
DA:98,5
LF:13
LH:13
BRDA:97,0,0,5
BRDA:109,1,0,1
BRDA:109,1,1,4
BRF:3
BRH:3
end_of_record
TN:
SF:src\Components\Pagination\Pagination.jsx
FN:4,(anonymous_0)
FN:7,(anonymous_1)
FN:38,(anonymous_2)
FN:43,(anonymous_3)
FN:50,(anonymous_4)
FN:59,(anonymous_5)
FNF:6
FNH:6
FNDA:16,(anonymous_0)
FNDA:14,(anonymous_1)
FNDA:1,(anonymous_2)
FNDA:71,(anonymous_3)
FNDA:1,(anonymous_4)
FNDA:1,(anonymous_5)
DA:4,1
DA:5,16
DA:7,14
DA:8,14
DA:10,14
DA:11,8
DA:12,38
DA:15,6
DA:17,6
DA:19,6
DA:20,6
DA:22,6
DA:23,13
DA:26,6
DA:28,6
DA:31,14
DA:34,14
DA:38,1
DA:44,71
DA:50,1
DA:59,1
LF:21
LH:21
BRDA:5,0,0,2
BRDA:5,0,1,14
BRDA:10,1,0,8
BRDA:10,1,1,6
BRDA:17,2,0,4
BRDA:17,2,1,2
BRDA:26,3,0,4
BRDA:26,3,1,2
BRDA:44,4,0,8
BRDA:44,4,1,63
BRF:10
BRH:10
end_of_record
TN:
SF:src\Components\attendance\AttendanceDetails.jsx
FN:20,(anonymous_0)
FN:31,(anonymous_1)
FN:52,(anonymous_2)
FN:54,(anonymous_3)
FN:60,(anonymous_4)
FN:61,(anonymous_5)
FN:63,(anonymous_6)
FN:67,(anonymous_7)
FN:111,(anonymous_8)
FN:157,(anonymous_9)
FNF:10
FNH:10
FNDA:41,(anonymous_0)
FNDA:20,(anonymous_1)
FNDA:8,(anonymous_2)
FNDA:2,(anonymous_3)
FNDA:24,(anonymous_4)
FNDA:8,(anonymous_5)
FNDA:23,(anonymous_6)
FNDA:23,(anonymous_7)
FNDA:82,(anonymous_8)
FNDA:24,(anonymous_9)
DA:20,1
DA:28,41
DA:30,41
DA:32,20
DA:34,20
DA:35,16
DA:42,20
DA:43,6
DA:50,20
DA:52,8
DA:54,41
DA:59,41
DA:60,24
DA:61,8
DA:63,41
DA:67,23
DA:68,23
DA:69,23
DA:71,23
DA:73,23
DA:74,1
DA:75,1
DA:78,22
DA:82,22
DA:84,22
DA:86,22
DA:94,21
DA:96,21
DA:97,20
DA:99,20
DA:101,2
DA:105,23
DA:107,41
DA:112,82
DA:158,24
LF:35
LH:35
BRDA:34,0,0,16
BRDA:34,0,1,4
BRDA:42,1,0,6
BRDA:42,1,1,14
BRDA:54,2,0,41
BRDA:54,2,1,0
BRDA:73,3,0,1
BRDA:73,3,1,22
BRDA:99,4,0,20
BRDA:99,4,1,0
BRDA:150,5,0,25
BRDA:150,5,1,16
BRDA:165,6,0,16
BRDA:165,6,1,8
BRDA:167,7,0,6
BRDA:167,7,1,2
BRDA:177,8,0,24
BRDA:177,8,1,3
BRF:18
BRH:16
end_of_record
TN:
SF:src\Components\attendance\AttendanceDetailsContainer.jsx
FN:4,(anonymous_0)
FN:15,(anonymous_1)
FN:24,(anonymous_2)
FN:30,(anonymous_3)
FN:60,(anonymous_4)
FNF:5
FNH:5
FNDA:40,(anonymous_0)
FNDA:20,(anonymous_1)
FNDA:23,(anonymous_2)
FNDA:8,(anonymous_3)
FNDA:1,(anonymous_4)
DA:4,1
DA:5,40
DA:7,40
DA:8,40
DA:15,1
DA:20,20
DA:22,20
DA:24,20
DA:25,23
DA:26,19
DA:29,20
DA:30,8
DA:34,20
DA:38,20
DA:43,20
DA:45,20
DA:47,20
DA:55,20
DA:60,1
LF:19
LH:19
BRDA:5,0,0,0
BRDA:5,0,1,40
BRDA:20,1,0,20
BRDA:20,1,1,2
BRDA:25,2,0,4
BRDA:25,2,1,19
BRDA:34,3,0,11
BRDA:34,3,1,9
BRDA:38,4,0,9
BRDA:38,4,1,11
BRDA:38,5,0,20
BRDA:38,5,1,11
BRDA:43,6,0,20
BRDA:43,6,1,2
BRDA:45,7,0,20
BRDA:45,7,1,2
BRF:16
BRH:15
end_of_record
TN:
SF:src\Components\finance\FinanceSummary.jsx
FN:9,(anonymous_0)
FN:10,(anonymous_1)
FNF:2
FNH:2
FNDA:27,(anonymous_0)
FNDA:81,(anonymous_1)
DA:9,1
DA:10,27
DA:11,81
DA:16,27
LF:4
LH:4
BRDA:9,0,0,27
BRDA:9,1,0,27
BRDA:9,2,0,27
BRDA:11,3,0,81
BRDA:11,3,1,53
BRDA:32,4,0,24
BRDA:32,4,1,3
BRF:7
BRH:7
end_of_record
TN:
SF:src\Components\header\EmployeeHeader.jsx
FN:21,(anonymous_0)
FN:24,(anonymous_1)
FN:30,(anonymous_2)
FN:36,(anonymous_3)
FNF:4
FNH:0
FNDA:0,(anonymous_0)
FNDA:0,(anonymous_1)
FNDA:0,(anonymous_2)
FNDA:0,(anonymous_3)
DA:21,0
DA:22,0
DA:24,0
DA:25,0
DA:26,0
DA:30,0
DA:31,0
DA:32,0
DA:33,0
DA:36,0
DA:37,0
DA:39,0
DA:40,0
DA:41,0
DA:42,0
DA:44,0
DA:46,0
LF:17
LH:0
BRDA:21,0,0,0
BRDA:21,1,0,0
BRDA:25,2,0,0
BRDA:25,2,1,0
BRDA:25,3,0,0
BRDA:25,3,1,0
BRDA:32,4,0,0
BRDA:32,4,1,0
BRDA:32,5,0,0
BRDA:32,5,1,0
BRDA:37,6,0,0
BRDA:37,6,1,0
BRDA:49,7,0,0
BRDA:49,7,1,0
BRDA:60,8,0,0
BRDA:60,8,1,0
BRDA:69,9,0,0
BRDA:69,9,1,0
BRDA:78,10,0,0
BRDA:78,10,1,0
BRDA:89,11,0,0
BRDA:89,11,1,0
BRDA:99,12,0,0
BRDA:99,12,1,0
BRDA:108,13,0,0
BRDA:108,13,1,0
BRF:26
BRH:0
end_of_record
TN:
SF:src\Components\homepage\AttendanceCircle.jsx
FN:21,(anonymous_0)
FNF:1
FNH:1
FNDA:2,(anonymous_0)
DA:19,1
DA:21,1
DA:23,2
DA:24,2
DA:27,2
DA:29,2
DA:41,2
DA:49,2
LF:8
LH:8
BRDA:21,0,0,2
BRDA:21,1,0,2
BRDA:23,2,0,2
BRDA:23,2,1,1
BRDA:24,3,0,2
BRDA:24,3,1,1
BRDA:27,4,0,1
BRDA:27,4,1,1
BRDA:27,5,0,2
BRDA:27,5,1,1
BRF:10
BRH:10
end_of_record
TN:
SF:src\Components\homepage\DepartmentSummary.jsx
FN:22,(anonymous_0)
FN:26,(anonymous_1)
FN:34,(anonymous_2)
FN:51,(anonymous_3)
FNF:4
FNH:3
FNDA:2,(anonymous_0)
FNDA:1,(anonymous_1)
FNDA:0,(anonymous_2)
FNDA:1,(anonymous_3)
DA:22,1
DA:23,2
DA:24,2
DA:25,2
DA:26,1
DA:30,2
DA:34,0
DA:52,1
LF:8
LH:7
BRDA:22,0,0,2
BRDA:50,1,0,1
BRDA:50,1,1,1
BRF:3
BRH:3
end_of_record
TN:
SF:src\Components\homepage\EditProfileModal.jsx
FN:22,(anonymous_0)
FN:25,(anonymous_1)
FN:46,(anonymous_2)
FN:49,(anonymous_3)
FN:62,(anonymous_4)
FN:66,(anonymous_5)
FN:68,(anonymous_6)
FN:95,(anonymous_7)
FN:97,(anonymous_8)
FN:102,(anonymous_9)
FN:108,(anonymous_10)
FN:113,(anonymous_11)
FN:138,(anonymous_12)
FN:139,(anonymous_13)
FN:150,(anonymous_14)
FN:290,(anonymous_15)
FN:307,(anonymous_16)
FNF:17
FNH:17
FNDA:41,(anonymous_0)
FNDA:41,(anonymous_1)
FNDA:12,(anonymous_2)
FNDA:12,(anonymous_3)
FNDA:12,(anonymous_4)
FNDA:12,(anonymous_5)
FNDA:12,(anonymous_6)
FNDA:10,(anonymous_7)
FNDA:10,(anonymous_8)
FNDA:10,(anonymous_9)
FNDA:2,(anonymous_10)
FNDA:1,(anonymous_11)
FNDA:1,(anonymous_12)
FNDA:1,(anonymous_13)
FNDA:3,(anonymous_14)
FNDA:205,(anonymous_15)
FNDA:287,(anonymous_16)
DA:22,1
DA:23,41
DA:24,41
DA:25,41
DA:26,41
DA:28,41
DA:38,41
DA:46,41
DA:47,41
DA:49,41
DA:62,41
DA:63,12
DA:66,41
DA:67,12
DA:68,12
DA:69,12
DA:72,12
DA:73,12
DA:77,12
DA:90,12
DA:91,12
DA:95,41
DA:96,10
DA:97,10
DA:102,10
DA:108,41
DA:109,2
DA:110,2
DA:112,2
DA:113,1
DA:118,1
DA:119,1
DA:120,1
DA:122,0
DA:125,1
DA:132,1
DA:133,1
DA:138,41
DA:139,1
DA:143,1
DA:145,1
DA:146,1
DA:150,41
DA:151,3
DA:152,3
DA:154,3
DA:155,1
DA:158,3
DA:159,1
DA:162,3
DA:163,1
DA:166,3
DA:167,0
DA:170,3
DA:171,3
DA:177,1
DA:180,3
DA:181,3
DA:187,1
DA:190,3
DA:192,3
DA:193,1
DA:196,2
DA:207,3
DA:208,3
DA:209,3
DA:210,1
DA:216,1
DA:218,1
DA:225,2
DA:229,41
DA:291,205
DA:308,287
LF:73
LH:71
BRDA:46,0,0,12
BRDA:46,0,1,0
BRDA:50,1,0,12
BRDA:50,1,1,0
BRDA:51,2,0,12
BRDA:51,2,1,0
BRDA:52,3,0,12
BRDA:52,3,1,0
BRDA:53,4,0,12
BRDA:53,4,1,0
BRDA:54,5,0,12
BRDA:54,5,1,0
BRDA:57,6,0,12
BRDA:57,6,1,0
BRDA:58,7,0,12
BRDA:58,7,1,0
BRDA:67,8,0,0
BRDA:67,8,1,12
BRDA:72,9,0,12
BRDA:72,9,1,0
BRDA:73,10,0,12
BRDA:73,10,1,0
BRDA:78,11,0,12
BRDA:78,11,1,0
BRDA:79,12,0,12
BRDA:79,12,1,0
BRDA:80,13,0,12
BRDA:80,13,1,0
BRDA:81,14,0,12
BRDA:81,14,1,0
BRDA:82,15,0,12
BRDA:82,15,1,0
BRDA:85,16,0,12
BRDA:85,16,1,0
BRDA:86,17,0,12
BRDA:86,17,1,0
BRDA:90,18,0,12
BRDA:90,18,1,0
BRDA:110,19,0,0
BRDA:110,19,1,2
BRDA:112,20,0,1
BRDA:112,20,1,1
BRDA:112,21,0,2
BRDA:112,21,1,1
BRDA:132,22,0,1
BRDA:132,22,1,0
BRDA:145,23,0,1
BRDA:145,23,1,0
BRDA:154,24,0,1
BRDA:154,24,1,2
BRDA:158,25,0,1
BRDA:158,25,1,2
BRDA:162,26,0,1
BRDA:162,26,1,2
BRDA:166,27,0,0
BRDA:166,27,1,3
BRDA:171,28,0,1
BRDA:171,28,1,2
BRDA:172,29,0,3
BRDA:172,29,1,2
BRDA:172,29,2,2
BRDA:172,29,3,2
BRDA:181,30,0,1
BRDA:181,30,1,2
BRDA:182,31,0,3
BRDA:182,31,1,2
BRDA:182,31,2,2
BRDA:182,31,3,2
BRDA:192,32,0,1
BRDA:192,32,1,2
BRDA:204,33,0,2
BRDA:204,33,1,2
BRDA:216,34,0,1
BRDA:216,34,1,0
BRDA:246,35,0,41
BRDA:246,35,1,1
BRDA:257,36,0,41
BRDA:257,36,1,1
BRDA:268,37,0,41
BRDA:268,37,1,1
BRDA:335,38,0,41
BRDA:335,38,1,1
BRDA:347,39,0,41
BRDA:347,39,1,1
BRDA:358,40,0,41
BRDA:358,40,1,40
BRDA:377,41,0,2
BRDA:377,41,1,39
BRF:88
BRH:64
end_of_record
TN:
SF:src\Components\homepage\EmployeeContractExpiry.jsx
FN:16,daysLeft
FN:26,(anonymous_1)
FN:29,(anonymous_2)
FN:42,(anonymous_3)
FN:50,(anonymous_4)
FNF:5
FNH:3
FNDA:0,daysLeft
FNDA:3,(anonymous_1)
FNDA:1,(anonymous_2)
FNDA:0,(anonymous_3)
FNDA:3,(anonymous_4)
DA:17,0
DA:18,0
DA:19,0
DA:20,0
DA:22,0
DA:23,0
DA:26,1
DA:27,3
DA:28,3
DA:30,1
DA:34,3
DA:35,3
DA:36,3
DA:42,0
DA:51,3
DA:52,3
DA:54,3
LF:17
LH:10
BRDA:26,0,0,3
BRDA:26,1,0,3
BRDA:48,2,0,3
BRDA:48,2,1,1
BRDA:52,3,0,3
BRDA:52,3,1,3
BRDA:69,4,0,1
BRDA:69,4,1,2
BRDA:71,5,0,2
BRDA:71,5,1,0
BRDA:72,6,0,2
BRDA:72,6,1,0
BRDA:73,7,0,0
BRDA:73,7,1,0
BRF:14
BRH:10
end_of_record
TN:
SF:src\Components\homepage\HeaderBar.jsx
FN:4,(anonymous_0)
FNF:1
FNH:1
FNDA:3,(anonymous_0)
DA:4,1
DA:5,3
LF:2
LH:2
BRDA:4,0,0,3
BRDA:11,1,0,3
BRDA:11,1,1,2
BRF:3
BRH:3
end_of_record
TN:
SF:src\Components\homepage\Notifications.jsx
FN:11,(anonymous_0)
FN:21,(anonymous_1)
FNF:2
FNH:2
FNDA:12,(anonymous_0)
FNDA:12,(anonymous_1)
DA:11,1
DA:12,12
DA:14,12
DA:22,12
LF:4
LH:4
BRDA:12,0,0,8
BRDA:12,0,1,4
BRDA:18,1,0,6
BRDA:18,1,1,6
BRF:4
BRH:4
end_of_record
TN:
SF:src\Components\homepage\ProjectChart.jsx
FN:23,(anonymous_0)
FN:36,(anonymous_1)
FN:63,(anonymous_2)
FNF:3
FNH:2
FNDA:0,(anonymous_0)
FNDA:3,(anonymous_1)
FNDA:1,(anonymous_2)
DA:23,1
DA:25,0
DA:26,0
DA:33,0
DA:36,1
DA:37,3
DA:39,3
DA:40,1
DA:43,2
DA:45,2
DA:51,3
DA:52,3
DA:54,3
DA:55,3
DA:56,14
DA:59,2
DA:63,1
LF:17
LH:14
BRDA:25,0,0,0
BRDA:25,0,1,0
BRDA:25,1,0,0
BRDA:25,1,1,0
BRDA:25,1,2,0
BRDA:39,2,0,1
BRDA:39,2,1,2
BRDA:46,3,0,2
BRDA:46,3,1,0
BRDA:47,4,0,3
BRDA:47,4,1,0
BRDA:48,5,0,3
BRDA:48,5,1,0
BRDA:51,6,0,3
BRDA:51,6,1,0
BRDA:51,7,0,3
BRDA:51,7,1,0
BRDA:51,8,0,3
BRDA:51,8,1,0
BRF:19
BRH:8
end_of_record
TN:
SF:src\Components\homepage\RecentlyAddedEmployees.jsx
FN:21,(anonymous_0)
FN:25,(anonymous_1)
FN:29,(anonymous_2)
FN:43,(anonymous_3)
FN:52,(anonymous_4)
FNF:5
FNH:4
FNDA:3,(anonymous_0)
FNDA:1,(anonymous_1)
FNDA:2,(anonymous_2)
FNDA:0,(anonymous_3)
FNDA:2,(anonymous_4)
DA:21,1
DA:22,3
DA:24,3
DA:25,1
DA:28,3
DA:29,3
DA:30,2
DA:32,1
DA:33,1
DA:34,1
DA:35,1
DA:37,1
DA:39,3
DA:43,0
DA:53,2
LF:15
LH:14
BRDA:21,0,0,3
BRDA:21,1,0,3
BRDA:30,2,0,1
BRDA:30,2,1,1
BRDA:50,3,0,3
BRDA:50,3,1,1
BRDA:54,4,0,0
BRDA:54,4,1,2
BRDA:57,5,0,0
BRDA:57,5,1,0
BRF:10
BRH:7
end_of_record
TN:
SF:src\Components\homepage\ReimbursementLineChart.jsx
FN:41,(anonymous_0)
FN:60,(anonymous_1)
FN:63,(anonymous_2)
FN:71,(anonymous_3)
FN:79,(anonymous_4)
FN:84,(anonymous_5)
FN:89,(anonymous_6)
FNF:7
FNH:3
FNDA:0,(anonymous_0)
FNDA:2,(anonymous_1)
FNDA:0,(anonymous_2)
FNDA:0,(anonymous_3)
FNDA:24,(anonymous_4)
FNDA:24,(anonymous_5)
FNDA:0,(anonymous_6)
DA:25,1
DA:36,1
DA:41,1
DA:42,0
DA:43,0
DA:57,0
DA:60,1
DA:61,2
DA:63,2
DA:64,0
DA:66,2
DA:69,2
DA:70,2
DA:71,2
DA:72,0
DA:73,0
DA:74,0
DA:79,24
DA:84,24
DA:89,2
DA:90,0
DA:95,2
LF:22
LH:14
BRDA:42,0,0,0
BRDA:42,0,1,0
BRDA:42,1,0,0
BRDA:42,1,1,0
BRDA:42,1,2,0
BRDA:70,2,0,2
BRDA:70,2,1,0
BRDA:73,3,0,0
BRDA:73,3,1,0
BRDA:81,4,0,24
BRDA:81,4,1,24
BRF:11
BRH:3
end_of_record
TN:
SF:src\Components\homepage\ReimbursementSummary.jsx
FN:14,(anonymous_0)
FNF:1
FNH:1
FNDA:3,(anonymous_0)
DA:14,1
DA:15,3
DA:16,1
DA:19,2
LF:4
LH:4
BRDA:15,0,0,1
BRDA:15,0,1,2
BRDA:15,1,0,3
BRDA:15,1,1,2
BRDA:29,2,0,2
BRDA:29,2,1,1
BRDA:35,3,0,3
BRDA:35,3,1,1
BRDA:41,4,0,3
BRDA:41,4,1,1
BRDA:47,5,0,3
BRDA:47,5,1,1
BRF:12
BRH:12
end_of_record
TN:
SF:src\Components\homepage\RightModal.jsx
FN:26,(anonymous_0)
FN:35,(anonymous_1)
FN:38,(anonymous_2)
FN:46,(anonymous_3)
FN:71,(anonymous_4)
FN:116,(anonymous_5)
FN:155,(anonymous_6)
FN:162,(anonymous_7)
FNF:8
FNH:7
FNDA:16,(anonymous_0)
FNDA:16,(anonymous_1)
FNDA:13,(anonymous_2)
FNDA:2,(anonymous_3)
FNDA:1,(anonymous_4)
FNDA:1,(anonymous_5)
FNDA:0,(anonymous_6)
FNDA:1,(anonymous_7)
DA:26,1
DA:27,16
DA:28,16
DA:29,16
DA:30,16
DA:31,16
DA:32,16
DA:34,16
DA:35,16
DA:38,16
DA:39,13
DA:40,11
DA:41,11
DA:42,11
DA:46,16
DA:47,2
DA:58,2
DA:59,1
DA:60,1
DA:66,16
DA:72,1
DA:73,1
DA:74,1
DA:117,1
DA:155,0
DA:163,1
LF:26
LH:25
BRDA:39,0,0,11
BRDA:39,0,1,2
BRDA:58,1,0,1
BRDA:58,1,1,1
BRDA:67,2,0,14
BRDA:67,2,1,2
BRDA:83,3,0,1
BRDA:83,3,1,15
BRDA:86,4,0,15
BRDA:86,4,1,0
BRDA:90,5,0,1
BRDA:90,5,1,15
BRDA:92,6,0,14
BRDA:92,6,1,1
BRDA:103,7,0,1
BRDA:103,7,1,15
BRDA:105,8,0,14
BRDA:105,8,1,1
BRDA:107,9,0,14
BRDA:107,9,1,0
BRDA:125,10,0,16
BRDA:125,10,1,1
BRDA:160,11,0,16
BRDA:160,11,1,1
BRF:24
BRH:22
end_of_record
TN:
SF:src\Components\homepage\SingleHolidayCalendar.jsx.jsx
FN:19,(anonymous_0)
FN:25,(anonymous_1)
FN:27,(anonymous_2)
FN:40,(anonymous_3)
FN:45,(anonymous_4)
FN:52,(anonymous_5)
FN:59,(anonymous_6)
FN:113,(anonymous_7)
FNF:8
FNH:8
FNDA:5,(anonymous_0)
FNDA:3,(anonymous_1)
FNDA:1,(anonymous_2)
FNDA:1,(anonymous_3)
FNDA:1,(anonymous_4)
FNDA:1,(anonymous_5)
FNDA:5,(anonymous_6)
FNDA:35,(anonymous_7)
DA:12,1
DA:17,1
DA:19,1
DA:20,5
DA:21,5
DA:22,5
DA:25,5
DA:26,3
DA:27,3
DA:28,1
DA:33,3
DA:40,5
DA:42,5
DA:43,5
DA:45,5
DA:46,1
DA:47,0
DA:48,0
DA:49,1
DA:52,5
DA:53,1
DA:54,0
DA:55,0
DA:56,1
DA:59,5
DA:60,5
DA:61,26
DA:62,5
DA:63,154
DA:67,154
DA:68,154
DA:70,154
DA:71,154
DA:72,5
DA:78,154
DA:82,154
DA:83,154
DA:84,154
DA:86,154
DA:90,154
DA:97,5
DA:100,5
DA:114,35
LF:43
LH:39
BRDA:19,0,0,5
BRDA:46,1,0,0
BRDA:46,1,1,1
BRDA:53,2,0,0
BRDA:53,2,1,1
BRDA:70,3,0,154
BRDA:70,3,1,154
BRDA:71,4,0,5
BRDA:71,4,1,149
BRDA:71,5,0,154
BRDA:71,5,1,154
BRDA:71,5,2,31
BRDA:78,6,0,154
BRDA:78,6,1,5
BRDA:78,6,2,4
BRDA:83,7,0,5
BRDA:83,7,1,149
BRDA:84,8,0,4
BRDA:84,8,1,150
BRDA:86,9,0,5
BRDA:86,9,1,149
BRF:21
BRH:19
end_of_record
TN:
SF:src\Components\homepage\StatCard.jsx
FN:13,(anonymous_0)
FN:17,(anonymous_1)
FNF:2
FNH:2
FNDA:8,(anonymous_0)
FNDA:2,(anonymous_1)
DA:13,1
DA:14,8
DA:16,8
DA:17,2
LF:4
LH:4
BRF:0
BRH:0
end_of_record
TN:
SF:src\Components\homepage\StatsGrid.jsx
FN:7,(anonymous_0)
FNF:1
FNH:1
FNDA:3,(anonymous_0)
DA:7,1
DA:8,3
DA:10,2
LF:3
LH:3
BRDA:8,0,0,1
BRDA:8,0,1,2
BRDA:13,1,0,2
BRDA:13,1,1,0
BRDA:20,2,0,3
BRDA:20,2,1,1
BRDA:28,3,0,3
BRDA:28,3,1,1
BRDA:29,4,0,3
BRDA:29,4,1,1
BRDA:37,5,0,3
BRDA:37,5,1,1
BRF:12
BRH:11
end_of_record
TN:
SF:src\Components\homepage\UpcomingHolidays.jsx
FN:19,formatDateShort
FN:24,daysFromToday
FN:33,(anonymous_2)
FN:36,(anonymous_3)
FN:39,(anonymous_4)
FN:49,(anonymous_5)
FN:57,(anonymous_6)
FNF:7
FNH:5
FNDA:1,formatDateShort
FNDA:1,daysFromToday
FNDA:2,(anonymous_2)
FNDA:1,(anonymous_3)
FNDA:0,(anonymous_4)
FNDA:0,(anonymous_5)
FNDA:1,(anonymous_6)
DA:20,1
DA:21,1
DA:25,1
DA:26,1
DA:27,1
DA:28,1
DA:29,1
DA:30,1
DA:33,1
DA:34,2
DA:36,2
DA:37,2
DA:39,2
DA:40,0
DA:43,2
DA:49,0
DA:58,1
DA:59,1
DA:61,1
LF:19
LH:17
BRDA:33,0,0,2
BRDA:33,1,0,2
BRDA:55,2,0,2
BRDA:55,2,1,1
BRDA:59,3,0,1
BRDA:59,3,1,0
BRDA:66,4,0,0
BRDA:66,4,1,1
BRDA:66,5,0,0
BRDA:66,5,1,1
BRDA:72,6,0,1
BRDA:72,6,1,0
BRF:12
BRH:8
end_of_record
TN:
SF:src\Components\payroll\DeductionModal\DeductionModal.jsx
FN:27,(anonymous_0)
FN:34,(anonymous_1)
FN:100,(anonymous_2)
FN:121,(anonymous_3)
FN:135,(anonymous_4)
FN:147,(anonymous_5)
FN:166,(anonymous_6)
FNF:7
FNH:7
FNDA:82,(anonymous_0)
FNDA:15,(anonymous_1)
FNDA:1,(anonymous_2)
FNDA:15,(anonymous_3)
FNDA:15,(anonymous_4)
FNDA:4,(anonymous_5)
FNDA:1,(anonymous_6)
DA:27,1
DA:28,82
DA:29,82
DA:30,82
DA:31,82
DA:32,82
DA:33,82
DA:34,82
DA:35,15
DA:36,15
DA:37,1
DA:38,14
DA:39,2
DA:41,15
DA:42,2
DA:44,15
DA:45,1
DA:47,15
DA:48,6
DA:49,6
DA:51,9
DA:52,9
DA:53,9
DA:54,9
DA:64,4
DA:66,5
DA:67,5
DA:73,2
DA:74,2
DA:76,3
DA:77,1
DA:79,2
DA:84,9
DA:87,82
DA:100,1
DA:121,15
DA:135,15
DA:147,4
DA:166,1
LF:39
LH:39
BRDA:36,0,0,1
BRDA:36,0,1,14
BRDA:38,1,0,2
BRDA:38,1,1,12
BRDA:41,2,0,2
BRDA:41,2,1,13
BRDA:44,3,0,1
BRDA:44,3,1,14
BRDA:47,4,0,6
BRDA:47,4,1,9
BRDA:67,5,0,2
BRDA:67,5,1,3
BRDA:68,6,0,5
BRDA:68,6,1,4
BRDA:76,7,0,1
BRDA:76,7,1,2
BRDA:80,8,0,2
BRDA:80,8,1,1
BRDA:110,9,0,82
BRDA:110,9,1,2
BRDA:123,10,0,82
BRDA:123,10,1,4
BRDA:137,11,0,82
BRDA:137,11,1,2
BRDA:149,12,0,82
BRDA:149,12,1,1
BRDA:155,13,0,82
BRDA:155,13,1,2
BRDA:168,14,0,9
BRDA:168,14,1,73
BRF:30
BRH:30
end_of_record
TN:
SF:src\Components\payroll\IncentiveModal\IncentiveModal.jsx
FN:27,(anonymous_0)
FN:34,(anonymous_1)
FN:99,(anonymous_2)
FN:120,(anonymous_3)
FN:134,(anonymous_4)
FN:146,(anonymous_5)
FN:159,(anonymous_6)
FNF:7
FNH:7
FNDA:98,(anonymous_0)
FNDA:19,(anonymous_1)
FNDA:1,(anonymous_2)
FNDA:17,(anonymous_3)
FNDA:16,(anonymous_4)
FNDA:6,(anonymous_5)
FNDA:1,(anonymous_6)
DA:27,1
DA:28,98
DA:29,98
DA:30,98
DA:31,98
DA:32,98
DA:33,98
DA:34,98
DA:35,19
DA:36,19
DA:37,3
DA:38,16
DA:39,2
DA:41,19
DA:42,5
DA:44,19
DA:45,2
DA:47,19
DA:48,8
DA:49,8
DA:51,11
DA:52,11
DA:53,11
DA:54,11
DA:65,4
DA:67,7
DA:68,7
DA:74,2
DA:75,2
DA:77,5
DA:78,3
DA:80,2
DA:83,11
DA:86,98
DA:99,1
DA:120,17
DA:134,16
DA:146,6
DA:159,1
LF:39
LH:39
BRDA:36,0,0,3
BRDA:36,0,1,16
BRDA:38,1,0,2
BRDA:38,1,1,14
BRDA:41,2,0,5
BRDA:41,2,1,14
BRDA:41,3,0,19
BRDA:41,3,1,15
BRDA:44,4,0,2
BRDA:44,4,1,17
BRDA:47,5,0,8
BRDA:47,5,1,11
BRDA:68,6,0,2
BRDA:68,6,1,5
BRDA:69,7,0,7
BRDA:69,7,1,6
BRDA:77,8,0,3
BRDA:77,8,1,2
BRDA:80,9,0,2
BRDA:80,9,1,1
BRDA:109,10,0,98
BRDA:109,10,1,1
BRDA:122,11,0,98
BRDA:122,11,1,9
BRDA:136,12,0,98
BRDA:136,12,1,8
BRDA:148,13,0,98
BRDA:148,13,1,2
BRDA:154,14,0,98
BRDA:154,14,1,4
BRDA:162,15,0,11
BRDA:162,15,1,87
BRF:32
BRH:32
end_of_record
TN:
SF:src\Components\superadmin\EmailCompose\EmailCompose.jsx
FN:17,(anonymous_0)
FN:24,(anonymous_1)
FN:50,(anonymous_2)
FN:53,(anonymous_3)
FN:59,(anonymous_4)
FNF:5
FNH:5
FNDA:49,(anonymous_0)
FNDA:21,(anonymous_1)
FNDA:9,(anonymous_2)
FNDA:9,(anonymous_3)
FNDA:4,(anonymous_4)
DA:17,1
DA:18,49
DA:24,49
DA:25,21
DA:26,19
DA:50,49
DA:51,9
DA:53,9
DA:59,49
DA:60,4
DA:66,4
DA:72,4
DA:74,4
DA:77,49
LF:14
LH:14
BRDA:25,0,0,19
BRDA:25,0,1,2
BRDA:27,1,0,19
BRDA:27,1,1,3
BRF:4
BRH:4
end_of_record
TN:
SF:src\Pages\Shift\FieldDepartment.jsx
FN:41,(anonymous_0)
FN:45,(anonymous_1)
FN:69,(anonymous_2)
FN:72,(anonymous_3)
FN:82,(anonymous_4)
FN:93,(anonymous_5)
FN:97,(anonymous_6)
FN:106,(anonymous_7)
FN:129,(anonymous_8)
FN:130,(anonymous_9)
FN:139,(anonymous_10)
FN:145,(anonymous_11)
FN:145,(anonymous_12)
FN:164,(anonymous_13)
FN:237,(anonymous_14)
FN:283,(anonymous_15)
FN:301,(anonymous_16)
FN:315,(anonymous_17)
FN:331,(anonymous_18)
FN:345,(anonymous_19)
FNF:20
FNH:19
FNDA:82,(anonymous_0)
FNDA:98,(anonymous_1)
FNDA:33,(anonymous_2)
FNDA:33,(anonymous_3)
FNDA:52,(anonymous_4)
FNDA:0,(anonymous_5)
FNDA:6,(anonymous_6)
FNDA:6,(anonymous_7)
FNDA:4,(anonymous_8)
FNDA:4,(anonymous_9)
FNDA:4,(anonymous_10)
FNDA:2,(anonymous_11)
FNDA:4,(anonymous_12)
FNDA:4,(anonymous_13)
FNDA:7,(anonymous_14)
FNDA:4,(anonymous_15)
FNDA:86,(anonymous_16)
FNDA:4,(anonymous_17)
FNDA:2,(anonymous_18)
FNDA:1,(anonymous_19)
DA:41,2
DA:42,82
DA:43,82
DA:44,82
DA:45,98
DA:46,82
DA:47,82
DA:48,82
DA:49,82
DA:56,82
DA:62,82
DA:68,82
DA:69,82
DA:70,33
DA:72,82
DA:73,33
DA:74,29
DA:81,29
DA:82,52
DA:93,82
DA:94,0
DA:95,0
DA:97,82
DA:98,6
DA:107,6
DA:108,4
DA:109,4
DA:110,2
DA:117,2
DA:118,2
DA:120,2
DA:129,82
DA:130,4
DA:131,4
DA:140,4
DA:141,3
DA:142,3
DA:145,4
DA:146,2
DA:153,2
DA:155,1
DA:164,82
DA:165,4
DA:172,4
DA:173,4
DA:176,2
DA:183,2
DA:184,2
DA:186,2
DA:193,82
DA:194,2
DA:202,80
DA:203,2
DA:211,78
DA:237,7
DA:283,4
DA:302,86
DA:316,4
DA:317,4
DA:331,2
DA:345,1
LF:61
LH:59
BRDA:70,0,0,33
BRDA:70,0,1,0
BRDA:73,1,0,29
BRDA:73,1,1,4
BRDA:75,2,0,29
BRDA:75,2,1,1
BRDA:76,3,0,29
BRDA:76,3,1,1
BRDA:77,4,0,29
BRDA:77,4,1,1
BRDA:78,5,0,29
BRDA:78,5,1,1
BRDA:79,6,0,29
BRDA:79,6,1,1
BRDA:82,7,0,29
BRDA:82,7,1,1
BRDA:107,8,0,4
BRDA:107,8,1,2
BRDA:140,9,0,3
BRDA:140,9,1,1
BRDA:193,10,0,2
BRDA:193,10,1,80
BRDA:202,11,0,2
BRDA:202,11,1,78
BRDA:224,12,0,76
BRDA:224,12,1,2
BRDA:304,13,0,44
BRDA:304,13,1,42
BRDA:329,14,0,76
BRDA:329,14,1,4
BRDA:342,15,0,82
BRDA:342,15,1,7
BRF:32
BRH:31
end_of_record
TN:
SF:src\Pages\Shift\FieldShift.jsx
FN:44,(anonymous_0)
FN:51,(anonymous_1)
FN:54,(anonymous_2)
FN:58,(anonymous_3)
FN:73,(anonymous_4)
FN:85,(anonymous_5)
FN:89,(anonymous_6)
FN:137,(anonymous_7)
FNF:8
FNH:8
FNDA:49,(anonymous_0)
FNDA:60,(anonymous_1)
FNDA:39,(anonymous_2)
FNDA:2,(anonymous_3)
FNDA:6,(anonymous_4)
FNDA:114,(anonymous_5)
FNDA:3,(anonymous_6)
FNDA:2,(anonymous_7)
DA:26,2
DA:32,2
DA:38,2
DA:44,2
DA:45,49
DA:46,49
DA:47,49
DA:48,49
DA:50,49
DA:51,60
DA:54,49
DA:55,39
DA:58,49
DA:59,2
DA:60,2
DA:63,49
DA:73,6
DA:86,114
DA:90,3
DA:137,2
LF:20
LH:20
BRDA:50,0,0,49
BRDA:50,1,0,49
BRDA:51,2,0,60
BRDA:51,2,1,2
BRDA:82,3,0,3
BRDA:82,3,1,46
BRDA:84,4,0,40
BRDA:84,4,1,6
BRDA:105,5,0,114
BRDA:105,5,1,40
BRDA:112,6,0,114
BRDA:112,6,1,37
BRDA:118,7,0,114
BRDA:118,7,1,15
BRDA:118,7,2,1
BRDA:126,8,0,49
BRDA:126,8,1,46
BRDA:126,8,2,6
BRF:18
BRH:18
end_of_record
TN:
SF:src\Pages\attendance\Attendance.jsx
FN:12,(anonymous_0)
FN:19,(anonymous_1)
FN:25,(anonymous_2)
FN:30,(anonymous_3)
FNF:4
FNH:4
FNDA:18,(anonymous_0)
FNDA:27,(anonymous_1)
FNDA:18,(anonymous_2)
FNDA:9,(anonymous_3)
DA:12,1
DA:13,18
DA:14,18
DA:15,18
DA:16,18
DA:18,18
DA:19,27
DA:22,18
DA:23,18
DA:25,18
DA:26,18
DA:27,17
DA:30,18
DA:31,9
DA:32,7
DA:36,18
DA:38,16
DA:40,18
LF:18
LH:18
BRDA:23,0,0,18
BRDA:23,0,1,18
BRDA:26,1,0,1
BRDA:26,1,1,17
BRDA:31,2,0,7
BRDA:31,2,1,2
BRDA:31,3,0,9
BRDA:31,3,1,9
BRDA:36,4,0,2
BRDA:36,4,1,16
BRDA:38,5,0,16
BRDA:38,5,1,2
BRF:12
BRH:12
end_of_record
TN:
SF:src\Pages\attendance\AttendanceList.jsx
FN:31,(anonymous_0)
FN:44,(anonymous_1)
FN:46,(anonymous_2)
FN:47,(anonymous_3)
FN:51,(anonymous_4)
FN:56,(anonymous_5)
FN:70,(anonymous_6)
FN:74,(anonymous_7)
FN:80,(anonymous_8)
FN:89,(anonymous_9)
FN:96,(anonymous_10)
FN:104,(anonymous_11)
FN:108,(anonymous_12)
FN:111,(anonymous_13)
FN:116,(anonymous_14)
FN:151,(anonymous_15)
FN:162,(anonymous_16)
FN:188,(anonymous_17)
FN:191,(anonymous_18)
FN:192,(anonymous_19)
FN:209,(anonymous_20)
FN:237,(anonymous_21)
FN:238,(anonymous_22)
FN:253,(anonymous_23)
FN:254,(anonymous_24)
FNF:25
FNH:23
FNDA:37,(anonymous_0)
FNDA:51,(anonymous_1)
FNDA:1,(anonymous_2)
FNDA:14,(anonymous_3)
FNDA:8,(anonymous_4)
FNDA:8,(anonymous_5)
FNDA:69,(anonymous_6)
FNDA:9,(anonymous_7)
FNDA:9,(anonymous_8)
FNDA:10,(anonymous_9)
FNDA:9,(anonymous_10)
FNDA:9,(anonymous_11)
FNDA:74,(anonymous_12)
FNDA:71,(anonymous_13)
FNDA:44,(anonymous_14)
FNDA:69,(anonymous_15)
FNDA:10,(anonymous_16)
FNDA:44,(anonymous_17)
FNDA:4,(anonymous_18)
FNDA:4,(anonymous_19)
FNDA:1,(anonymous_20)
FNDA:0,(anonymous_21)
FNDA:0,(anonymous_22)
FNDA:2,(anonymous_23)
FNDA:2,(anonymous_24)
DA:31,1
DA:32,37
DA:33,37
DA:35,37
DA:36,37
DA:37,37
DA:38,37
DA:39,37
DA:41,37
DA:43,37
DA:44,51
DA:46,37
DA:47,37
DA:48,14
DA:51,37
DA:52,8
DA:53,8
DA:56,37
DA:57,8
DA:58,8
DA:59,8
DA:60,8
DA:61,8
DA:66,0
DA:70,37
DA:71,69
DA:72,69
DA:74,37
DA:75,9
DA:76,9
DA:77,9
DA:78,9
DA:80,9
DA:85,9
DA:89,37
DA:90,10
DA:91,1
DA:92,1
DA:95,9
DA:96,9
DA:97,9
DA:98,9
DA:102,9
DA:103,9
DA:104,10
DA:107,37
DA:109,74
DA:111,71
DA:116,37
DA:117,44
DA:119,43
DA:120,43
DA:121,43
DA:122,43
DA:124,43
DA:126,37
DA:152,69
DA:153,69
DA:155,69
DA:156,69
DA:157,69
DA:158,69
DA:160,69
DA:162,10
DA:189,44
DA:190,44
DA:191,4
DA:192,4
DA:194,44
DA:198,44
DA:199,44
DA:200,4
DA:201,4
DA:206,44
DA:209,1
DA:238,0
DA:254,2
LF:77
LH:75
BRDA:43,0,0,37
BRDA:53,1,0,0
BRDA:53,1,1,8
BRDA:57,2,0,0
BRDA:57,2,1,8
BRDA:60,3,0,0
BRDA:60,3,1,8
BRDA:78,4,0,9
BRDA:78,4,1,0
BRDA:82,5,0,9
BRDA:82,5,1,0
BRDA:90,6,0,1
BRDA:90,6,1,9
BRDA:97,7,0,9
BRDA:97,7,1,0
BRDA:103,8,0,9
BRDA:103,8,1,0
BRDA:113,9,0,71
BRDA:113,9,1,59
BRDA:117,10,0,1
BRDA:117,10,1,43
BRDA:138,11,0,1
BRDA:138,11,1,36
BRDA:142,12,0,1
BRDA:142,12,1,35
BRDA:153,13,0,69
BRDA:153,13,1,0
BRDA:155,14,0,69
BRDA:155,14,1,48
BRDA:156,15,0,69
BRDA:156,15,1,60
BRDA:168,16,0,69
BRDA:168,16,1,0
BRDA:168,17,0,69
BRDA:168,17,1,0
BRDA:171,18,0,69
BRDA:171,18,1,20
BRDA:183,19,0,9
BRDA:183,19,1,11
BRDA:187,20,0,9
BRDA:187,20,1,2
BRDA:189,21,0,44
BRDA:189,21,1,0
BRDA:194,22,0,4
BRDA:194,22,1,40
BRDA:199,23,0,4
BRDA:199,23,1,40
BRDA:202,24,0,4
BRDA:202,24,1,0
BRDA:202,25,0,4
BRDA:202,25,1,4
BRDA:211,26,0,44
BRDA:211,26,1,0
BRDA:212,27,0,44
BRDA:212,27,1,0
BRDA:214,28,0,44
BRDA:214,28,1,40
BRDA:215,29,0,44
BRDA:215,29,1,40
BRDA:219,30,0,4
BRDA:219,30,1,40
BRDA:233,31,0,20
BRDA:233,31,1,5
BRF:63
BRH:49
end_of_record
TN:
SF:src\Pages\attendanceReport\AttendanceReport.jsx
FN:23,(anonymous_0)
FN:25,(anonymous_1)
FN:27,(anonymous_2)
FN:41,(anonymous_3)
FN:49,(anonymous_4)
FN:53,(anonymous_5)
FN:65,(anonymous_6)
FN:70,(anonymous_7)
FN:71,(anonymous_8)
FN:74,(anonymous_9)
FN:78,(anonymous_10)
FN:92,(anonymous_11)
FN:101,(anonymous_12)
FN:114,(anonymous_13)
FN:126,(anonymous_14)
FN:162,(anonymous_15)
FN:166,(anonymous_16)
FN:195,(anonymous_17)
FNF:18
FNH:17
FNDA:22,(anonymous_0)
FNDA:39,(anonymous_1)
FNDA:39,(anonymous_2)
FNDA:18,(anonymous_3)
FNDA:18,(anonymous_4)
FNDA:18,(anonymous_5)
FNDA:18,(anonymous_6)
FNDA:29,(anonymous_7)
FNDA:13,(anonymous_8)
FNDA:2,(anonymous_9)
FNDA:2,(anonymous_10)
FNDA:0,(anonymous_11)
FNDA:1,(anonymous_12)
FNDA:1,(anonymous_13)
FNDA:1,(anonymous_14)
FNDA:34,(anonymous_15)
FNDA:2,(anonymous_16)
FNDA:1,(anonymous_17)
DA:23,1
DA:24,22
DA:25,39
DA:26,22
DA:27,39
DA:29,22
DA:30,22
DA:31,22
DA:32,22
DA:33,22
DA:34,22
DA:35,22
DA:36,22
DA:39,22
DA:41,22
DA:42,18
DA:43,18
DA:44,18
DA:45,18
DA:48,22
DA:49,18
DA:53,22
DA:54,18
DA:55,16
DA:56,16
DA:65,22
DA:66,18
DA:67,18
DA:69,18
DA:70,29
DA:71,13
DA:74,22
DA:75,2
DA:76,2
DA:78,22
DA:79,2
DA:81,1
DA:83,1
DA:92,22
DA:93,0
DA:94,0
DA:97,0
DA:98,0
DA:101,22
DA:102,1
DA:104,22
DA:114,1
DA:126,1
DA:163,34
DA:166,2
DA:195,1
LF:51
LH:47
BRDA:25,0,0,39
BRDA:25,0,1,0
BRDA:26,1,0,22
BRDA:26,1,1,3
BRDA:26,1,2,2
BRDA:27,2,0,39
BRDA:27,2,1,0
BRDA:29,3,0,22
BRDA:29,3,1,1
BRDA:30,4,0,22
BRDA:30,4,1,21
BRDA:32,5,0,22
BRDA:32,5,1,2
BRDA:33,6,0,22
BRDA:33,6,1,2
BRDA:42,7,0,0
BRDA:42,7,1,18
BRDA:44,8,0,0
BRDA:44,8,1,18
BRDA:54,9,0,2
BRDA:54,9,1,16
BRDA:54,10,0,18
BRDA:54,10,1,18
BRDA:66,11,0,0
BRDA:66,11,1,18
BRDA:67,12,0,18
BRDA:67,12,1,17
BRDA:79,13,0,1
BRDA:79,13,1,1
BRDA:79,14,0,2
BRDA:79,14,1,2
BRDA:93,15,0,0
BRDA:93,15,1,0
BRDA:97,16,0,0
BRDA:97,16,1,0
BRDA:149,17,0,1
BRDA:149,17,1,21
BRDA:155,18,0,3
BRDA:155,18,1,18
BRDA:158,19,0,3
BRDA:158,19,1,0
BRDA:165,20,0,34
BRDA:165,20,1,1
BRDA:165,20,2,0
BRDA:172,21,0,34
BRDA:172,21,1,1
BRDA:172,21,2,0
BRDA:173,22,0,34
BRDA:173,22,1,1
BRDA:173,22,2,0
BRDA:174,23,0,34
BRDA:174,23,1,1
BRDA:174,23,2,0
BRDA:175,24,0,34
BRDA:175,24,1,1
BRDA:175,24,2,0
BRDA:176,25,0,34
BRDA:176,25,1,1
BRDA:176,25,2,0
BRF:59
BRH:43
end_of_record
TN:
SF:src\Pages\attendanceReport\EmployeeAttendanceModal.jsx
FN:23,(anonymous_0)
FN:40,(anonymous_1)
FN:96,(anonymous_2)
FN:110,(anonymous_3)
FN:143,(anonymous_4)
FN:171,(anonymous_5)
FN:217,(anonymous_6)
FNF:7
FNH:7
FNDA:26,(anonymous_0)
FNDA:17,(anonymous_1)
FNDA:17,(anonymous_2)
FNDA:34,(anonymous_3)
FNDA:3,(anonymous_4)
FNDA:96,(anonymous_5)
FNDA:17,(anonymous_6)
DA:23,1
DA:24,26
DA:26,26
DA:28,26
DA:33,26
DA:35,24
DA:36,26
DA:37,26
DA:38,26
DA:40,26
DA:41,17
DA:43,17
DA:45,7
DA:48,1
DA:51,1
DA:54,1
DA:57,1
DA:61,2
DA:67,1
DA:73,1
DA:79,1
DA:89,1
DA:96,26
DA:97,17
DA:99,16
DA:101,16
DA:103,16
DA:107,16
DA:110,26
DA:111,34
DA:112,2
DA:115,32
DA:118,26
DA:141,26
DA:143,3
DA:172,96
DA:218,17
DA:220,17
LF:38
LH:38
BRDA:24,0,0,26
BRDA:24,0,1,1
BRDA:30,1,0,26
BRDA:30,1,1,1
BRDA:33,2,0,2
BRDA:33,2,1,24
BRDA:33,3,0,26
BRDA:33,3,1,25
BRDA:35,4,0,24
BRDA:35,4,1,0
BRDA:36,5,0,26
BRDA:36,5,1,0
BRDA:37,6,0,26
BRDA:37,6,1,0
BRDA:38,7,0,26
BRDA:38,7,1,0
BRDA:41,8,0,17
BRDA:41,8,1,0
BRDA:43,9,0,7
BRDA:43,9,1,1
BRDA:43,9,2,1
BRDA:43,9,3,1
BRDA:43,9,4,1
BRDA:43,9,5,1
BRDA:43,9,6,2
BRDA:43,9,7,1
BRDA:43,9,8,1
BRDA:43,9,9,1
BRDA:43,9,10,1
BRDA:97,10,0,1
BRDA:97,10,1,16
BRDA:111,11,0,2
BRDA:111,11,1,32
BRDA:111,12,0,34
BRDA:111,12,1,33
BRDA:203,13,0,7
BRDA:203,13,1,17
BRDA:238,14,0,17
BRDA:238,14,1,1
BRF:39
BRH:34
end_of_record
TN:
SF:src\Pages\attendanceRequest\AttendanceRequest.jsx
FN:14,(anonymous_0)
FN:65,(anonymous_1)
FNF:2
FNH:2
FNDA:14,(anonymous_0)
FNDA:28,(anonymous_1)
DA:14,1
DA:15,14
DA:36,14
DA:66,28
LF:4
LH:4
BRDA:77,0,0,28
BRDA:77,0,1,14
BRF:2
BRH:2
end_of_record
TN:
SF:src\Pages\dailytask\DailyTask.jsx
FN:29,(anonymous_0)
FN:36,(anonymous_1)
FN:38,(anonymous_2)
FN:44,(anonymous_3)
FN:55,(anonymous_4)
FN:58,(anonymous_5)
FN:61,(anonymous_6)
FN:92,(anonymous_7)
FN:96,(anonymous_8)
FN:97,(anonymous_9)
FN:100,(anonymous_10)
FN:102,(anonymous_11)
FN:106,(anonymous_12)
FN:114,(anonymous_13)
FN:115,(anonymous_14)
FN:120,(anonymous_15)
FN:138,(anonymous_16)
FN:161,(anonymous_17)
FN:187,DailyTask
FN:195,(anonymous_19)
FN:196,(anonymous_20)
FN:197,(anonymous_21)
FN:200,(anonymous_22)
FN:207,(anonymous_23)
FN:211,(anonymous_24)
FN:227,(anonymous_25)
FN:231,(anonymous_26)
FN:232,(anonymous_27)
FN:236,(anonymous_28)
FNF:29
FNH:29
FNDA:74,(anonymous_0)
FNDA:42,(anonymous_1)
FNDA:42,(anonymous_2)
FNDA:80,(anonymous_3)
FNDA:3,(anonymous_4)
FNDA:77,(anonymous_5)
FNDA:6,(anonymous_6)
FNDA:40,(anonymous_7)
FNDA:40,(anonymous_8)
FNDA:40,(anonymous_9)
FNDA:40,(anonymous_10)
FNDA:68,(anonymous_11)
FNDA:1,(anonymous_12)
FNDA:2,(anonymous_13)
FNDA:21,(anonymous_14)
FNDA:22,(anonymous_15)
FNDA:1,(anonymous_16)
FNDA:1,(anonymous_17)
FNDA:50,DailyTask
FNDA:50,(anonymous_19)
FNDA:15,(anonymous_20)
FNDA:15,(anonymous_21)
FNDA:28,(anonymous_22)
FNDA:13,(anonymous_23)
FNDA:1,(anonymous_24)
FNDA:4,(anonymous_25)
FNDA:100,(anonymous_26)
FNDA:96,(anonymous_27)
FNDA:13,(anonymous_28)
DA:29,1
DA:30,74
DA:36,1
DA:37,42
DA:38,42
DA:41,42
DA:44,42
DA:45,80
DA:48,42
DA:55,3
DA:59,77
DA:61,6
DA:92,1
DA:93,40
DA:94,40
DA:96,40
DA:97,40
DA:99,40
DA:101,40
DA:102,68
DA:106,40
DA:107,1
DA:108,1
DA:109,1
DA:110,1
DA:111,1
DA:112,1
DA:114,40
DA:115,40
DA:116,21
DA:117,6
DA:120,40
DA:121,22
DA:122,1
DA:126,40
DA:139,1
DA:140,1
DA:162,1
DA:188,50
DA:190,50
DA:191,50
DA:192,50
DA:193,50
DA:195,50
DA:196,50
DA:197,15
DA:200,50
DA:201,28
DA:202,11
DA:203,11
DA:207,50
DA:208,13
DA:211,50
DA:213,50
DA:216,50
DA:227,4
DA:231,100
DA:233,96
DA:236,13
LF:59
LH:59
BRDA:38,0,0,42
BRDA:38,0,1,0
BRDA:64,1,0,40
BRDA:64,1,1,37
BRDA:64,2,0,77
BRDA:64,2,1,40
BRDA:86,3,0,42
BRDA:86,3,1,2
BRDA:96,4,0,40
BRDA:96,4,1,0
BRDA:107,5,0,0
BRDA:107,5,1,1
BRDA:116,6,0,6
BRDA:116,6,1,15
BRDA:121,7,0,1
BRDA:121,7,1,21
BRDA:121,8,0,22
BRDA:121,8,1,7
BRDA:130,9,0,8
BRDA:130,9,1,32
BRDA:137,10,0,1
BRDA:137,10,1,39
BRDA:140,11,0,1
BRDA:140,11,1,0
BRDA:145,12,0,40
BRDA:145,12,1,32
BRDA:151,13,0,40
BRDA:151,13,1,8
BRDA:151,13,2,1
BRDA:153,14,0,40
BRDA:153,14,1,8
BRDA:153,14,2,7
BRDA:153,14,3,6
BRDA:159,15,0,40
BRDA:159,15,1,8
BRDA:159,15,2,1
BRDA:195,16,0,50
BRDA:195,16,1,0
BRDA:201,17,0,11
BRDA:201,17,1,17
BRDA:208,18,0,2
BRDA:208,18,1,11
BRDA:243,19,0,49
BRDA:243,19,1,1
BRF:44
BRH:39
end_of_record
TN:
SF:src\Pages\dashboard\DashboardNew.jsx
FN:10,(anonymous_0)
FN:12,(anonymous_1)
FN:15,(anonymous_2)
FN:19,(anonymous_3)
FN:25,(anonymous_4)
FN:31,(anonymous_5)
FNF:6
FNH:6
FNDA:16,(anonymous_0)
FNDA:16,(anonymous_1)
FNDA:11,(anonymous_2)
FNDA:11,(anonymous_3)
FNDA:9,(anonymous_4)
FNDA:14,(anonymous_5)
DA:10,1
DA:11,16
DA:12,16
DA:13,16
DA:15,16
DA:16,11
DA:19,16
DA:20,11
DA:21,11
DA:22,2
DA:23,2
DA:25,9
DA:26,9
DA:27,9
DA:30,8
DA:31,14
DA:36,8
DA:37,8
DA:41,16
DA:42,15
LF:20
LH:20
BRDA:21,0,0,2
BRDA:21,0,1,9
BRDA:41,1,0,1
BRDA:41,1,1,15
BRF:4
BRH:4
end_of_record
TN:
SF:src\Pages\dashboard\HomeDashboard.jsx
FN:37,(anonymous_0)
FN:41,(anonymous_1)
FN:42,(anonymous_2)
FN:44,(anonymous_3)
FN:47,(anonymous_4)
FN:50,(anonymous_5)
FN:52,(anonymous_6)
FN:54,(anonymous_7)
FN:57,(anonymous_8)
FN:59,(anonymous_9)
FN:62,(anonymous_10)
FN:75,(anonymous_11)
FN:85,(anonymous_12)
FN:123,(anonymous_13)
FN:130,(anonymous_14)
FN:137,(anonymous_15)
FNF:16
FNH:16
FNDA:25,(anonymous_0)
FNDA:25,(anonymous_1)
FNDA:25,(anonymous_2)
FNDA:25,(anonymous_3)
FNDA:25,(anonymous_4)
FNDA:25,(anonymous_5)
FNDA:25,(anonymous_6)
FNDA:25,(anonymous_7)
FNDA:25,(anonymous_8)
FNDA:25,(anonymous_9)
FNDA:22,(anonymous_10)
FNDA:44,(anonymous_11)
FNDA:2,(anonymous_12)
FNDA:44,(anonymous_13)
FNDA:1,(anonymous_14)
FNDA:1,(anonymous_15)
DA:37,1
DA:38,25
DA:39,25
DA:41,25
DA:42,25
DA:43,25
DA:44,25
DA:46,25
DA:47,25
DA:49,25
DA:50,25
DA:52,25
DA:53,25
DA:54,25
DA:56,25
DA:57,25
DA:59,25
DA:60,25
DA:61,25
DA:62,25
DA:63,22
DA:64,22
DA:65,22
DA:66,22
DA:67,22
DA:68,22
DA:69,22
DA:70,22
DA:71,22
DA:75,44
DA:82,25
DA:85,2
DA:123,44
DA:130,1
DA:137,1
LF:35
LH:35
BRDA:75,0,0,25
BRDA:75,0,1,2
BRDA:84,1,0,2
BRDA:84,1,1,23
BRDA:106,2,0,25
BRDA:106,2,1,3
BRDA:115,3,0,25
BRDA:115,3,1,2
BRDA:123,4,0,25
BRDA:123,4,1,2
BRDA:137,5,0,25
BRDA:137,5,1,2
BRF:12
BRH:12
end_of_record
TN:
SF:src\Pages\dashboard\NewDashboard.jsx
FN:63,(anonymous_0)
FN:92,(anonymous_1)
FN:124,(anonymous_2)
FN:141,(anonymous_3)
FN:164,(anonymous_4)
FN:165,(anonymous_5)
FN:199,(anonymous_6)
FN:200,(anonymous_7)
FN:211,(anonymous_8)
FN:246,(anonymous_9)
FN:265,(anonymous_10)
FN:283,(anonymous_11)
FN:284,(anonymous_12)
FN:295,(anonymous_13)
FNF:14
FNH:13
FNDA:25,(anonymous_0)
FNDA:75,(anonymous_1)
FNDA:75,(anonymous_2)
FNDA:75,(anonymous_3)
FNDA:1,(anonymous_4)
FNDA:1,(anonymous_5)
FNDA:1,(anonymous_6)
FNDA:1,(anonymous_7)
FNDA:75,(anonymous_8)
FNDA:75,(anonymous_9)
FNDA:0,(anonymous_10)
FNDA:1,(anonymous_11)
FNDA:1,(anonymous_12)
FNDA:75,(anonymous_13)
DA:46,1
DA:52,1
DA:58,1
DA:60,1
DA:61,1
DA:63,1
DA:64,25
DA:65,25
DA:66,25
DA:67,25
DA:93,75
DA:125,75
DA:142,75
DA:164,1
DA:165,1
DA:199,1
DA:200,1
DA:212,75
DA:247,75
DA:283,1
DA:284,1
DA:296,75
LF:22
LH:22
BRDA:167,0,0,1
BRDA:167,0,1,24
BRDA:170,1,0,1
BRDA:170,1,1,24
BRDA:202,2,0,1
BRDA:202,2,1,24
BRDA:205,3,0,1
BRDA:205,3,1,24
BRDA:286,4,0,1
BRDA:286,4,1,24
BRDA:289,5,0,1
BRDA:289,5,1,24
BRF:12
BRH:12
end_of_record
TN:
SF:src\Pages\department\AddDepartment.jsx
FN:30,(anonymous_0)
FN:35,(anonymous_1)
FN:37,(anonymous_2)
FN:39,(anonymous_3)
FN:54,(anonymous_4)
FNF:5
FNH:5
FNDA:76,(anonymous_0)
FNDA:55,(anonymous_1)
FNDA:55,(anonymous_2)
FNDA:7,(anonymous_3)
FNDA:7,(anonymous_4)
DA:30,1
DA:31,76
DA:32,76
DA:33,76
DA:34,76
DA:35,76
DA:36,55
DA:37,55
DA:39,76
DA:40,7
DA:41,1
DA:42,1
DA:44,6
DA:45,1
DA:46,1
DA:48,5
DA:49,1
DA:50,1
DA:52,4
DA:54,76
DA:55,7
DA:56,7
DA:57,4
DA:58,4
DA:59,4
DA:60,4
DA:61,2
DA:62,2
DA:65,2
DA:69,2
DA:71,4
DA:74,76
DA:75,76
LF:33
LH:33
BRDA:40,0,0,1
BRDA:40,0,1,6
BRDA:44,1,0,1
BRDA:44,1,1,5
BRDA:48,2,0,1
BRDA:48,2,1,4
BRDA:56,3,0,3
BRDA:56,3,1,4
BRDA:65,4,0,2
BRDA:65,4,1,1
BRDA:65,4,2,1
BRDA:65,4,3,0
BRDA:74,5,0,76
BRDA:74,5,1,11
BRDA:93,6,0,76
BRDA:93,6,1,11
BRDA:127,7,0,76
BRDA:127,7,1,5
BRDA:147,8,0,4
BRDA:147,8,1,72
BRF:20
BRH:19
end_of_record
TN:
SF:src\Pages\department\DepartmentList.jsx
FN:52,(anonymous_0)
FN:63,(anonymous_1)
FN:76,(anonymous_2)
FN:77,(anonymous_3)
FN:80,(anonymous_4)
FN:84,(anonymous_5)
FN:90,(anonymous_6)
FN:95,(anonymous_7)
FN:104,(anonymous_8)
FN:113,(anonymous_9)
FN:116,(anonymous_10)
FN:117,(anonymous_11)
FN:126,(anonymous_12)
FN:127,(anonymous_13)
FN:128,(anonymous_14)
FN:143,(anonymous_15)
FN:152,(anonymous_16)
FN:162,(anonymous_17)
FN:171,(anonymous_18)
FN:189,(anonymous_19)
FN:191,(anonymous_20)
FN:199,(anonymous_21)
FN:206,(anonymous_22)
FN:231,(anonymous_23)
FN:232,(anonymous_24)
FN:253,(anonymous_25)
FN:255,(anonymous_26)
FN:261,(anonymous_27)
FN:306,(anonymous_28)
FN:323,(anonymous_29)
FN:326,(anonymous_30)
FN:350,(anonymous_31)
FN:388,(anonymous_32)
FN:438,(anonymous_33)
FN:458,(anonymous_34)
FN:477,(anonymous_35)
FN:492,(anonymous_36)
FN:516,(anonymous_37)
FN:565,(anonymous_38)
FN:587,(anonymous_39)
FN:618,(anonymous_40)
FN:622,(anonymous_41)
FN:624,(anonymous_42)
FN:639,(anonymous_43)
FN:641,(anonymous_44)
FN:677,(anonymous_45)
FNF:46
FNH:32
FNDA:49,(anonymous_0)
FNDA:49,(anonymous_1)
FNDA:15,(anonymous_2)
FNDA:15,(anonymous_3)
FNDA:21,(anonymous_4)
FNDA:12,(anonymous_5)
FNDA:87,(anonymous_6)
FNDA:10,(anonymous_7)
FNDA:9,(anonymous_8)
FNDA:9,(anonymous_9)
FNDA:9,(anonymous_10)
FNDA:9,(anonymous_11)
FNDA:0,(anonymous_12)
FNDA:0,(anonymous_13)
FNDA:0,(anonymous_14)
FNDA:3,(anonymous_15)
FNDA:3,(anonymous_16)
FNDA:1,(anonymous_17)
FNDA:1,(anonymous_18)
FNDA:2,(anonymous_19)
FNDA:2,(anonymous_20)
FNDA:2,(anonymous_21)
FNDA:2,(anonymous_22)
FNDA:1,(anonymous_23)
FNDA:1,(anonymous_24)
FNDA:0,(anonymous_25)
FNDA:0,(anonymous_26)
FNDA:0,(anonymous_27)
FNDA:1,(anonymous_28)
FNDA:87,(anonymous_29)
FNDA:31,(anonymous_30)
FNDA:10,(anonymous_31)
FNDA:4,(anonymous_32)
FNDA:0,(anonymous_33)
FNDA:0,(anonymous_34)
FNDA:2,(anonymous_35)
FNDA:8,(anonymous_36)
FNDA:0,(anonymous_37)
FNDA:37,(anonymous_38)
FNDA:3,(anonymous_39)
FNDA:0,(anonymous_40)
FNDA:0,(anonymous_41)
FNDA:0,(anonymous_42)
FNDA:0,(anonymous_43)
FNDA:0,(anonymous_44)
FNDA:1,(anonymous_45)
DA:52,1
DA:53,49
DA:54,49
DA:56,49
DA:57,49
DA:61,49
DA:62,49
DA:63,49
DA:65,49
DA:66,49
DA:67,49
DA:68,49
DA:69,49
DA:70,49
DA:71,49
DA:72,49
DA:73,49
DA:74,49
DA:76,49
DA:77,15
DA:80,49
DA:81,21
DA:82,6
DA:83,6
DA:84,12
DA:90,49
DA:91,87
DA:92,87
DA:95,49
DA:96,10
DA:97,1
DA:98,1
DA:99,1
DA:102,9
DA:103,9
DA:104,9
DA:106,9
DA:108,9
DA:109,9
DA:110,9
DA:113,9
DA:114,9
DA:115,9
DA:116,9
DA:117,9
DA:126,0
DA:127,0
DA:128,0
DA:138,0
DA:140,9
DA:143,49
DA:144,3
DA:153,3
DA:154,2
DA:155,2
DA:158,2
DA:159,2
DA:162,1
DA:164,1
DA:171,1
DA:172,1
DA:175,1
DA:177,1
DA:184,0
DA:189,49
DA:190,2
DA:191,2
DA:199,49
DA:200,2
DA:201,0
DA:203,2
DA:206,49
DA:207,2
DA:208,2
DA:216,2
DA:217,1
DA:223,1
DA:226,1
DA:227,1
DA:230,1
DA:231,1
DA:232,1
DA:240,1
DA:242,1
DA:243,1
DA:245,0
DA:253,49
DA:254,0
DA:255,0
DA:261,49
DA:262,0
DA:263,0
DA:264,0
DA:266,0
DA:267,0
DA:268,0
DA:270,0
DA:271,0
DA:272,0
DA:275,0
DA:276,0
DA:278,0
DA:279,0
DA:280,0
DA:281,0
DA:282,0
DA:283,0
DA:286,0
DA:290,0
DA:292,0
DA:296,49
DA:306,1
DA:324,87
DA:325,87
DA:326,87
DA:332,87
DA:333,87
DA:337,87
DA:342,87
DA:343,87
DA:345,87
DA:346,87
DA:348,87
DA:350,10
DA:389,4
DA:390,4
DA:391,2
DA:393,2
DA:439,0
DA:459,0
DA:478,2
DA:493,8
DA:517,0
DA:518,0
DA:566,37
DA:588,3
DA:589,3
DA:618,0
DA:623,0
DA:624,0
DA:640,0
DA:641,0
DA:677,1
LF:143
LH:105
BRDA:62,0,0,49
BRDA:81,1,0,15
BRDA:81,1,1,6
BRDA:81,2,0,15
BRDA:81,2,1,0
BRDA:83,3,0,6
BRDA:83,3,1,0
BRDA:84,4,0,12
BRDA:84,4,1,11
BRDA:85,5,0,12
BRDA:85,5,1,0
BRDA:86,6,0,11
BRDA:86,6,1,0
BRDA:96,7,0,1
BRDA:96,7,1,9
BRDA:106,8,0,0
BRDA:106,8,1,9
BRDA:106,9,0,9
BRDA:106,9,1,0
BRDA:113,10,0,9
BRDA:113,10,1,0
BRDA:120,11,0,9
BRDA:120,11,1,0
BRDA:121,12,0,9
BRDA:121,12,1,0
BRDA:122,13,0,9
BRDA:122,13,1,0
BRDA:126,14,0,0
BRDA:126,14,1,0
BRDA:131,15,0,0
BRDA:131,15,1,0
BRDA:132,16,0,0
BRDA:132,16,1,0
BRDA:133,17,0,0
BRDA:133,17,1,0
BRDA:153,18,0,1
BRDA:153,18,1,2
BRDA:162,19,0,1
BRDA:162,19,1,0
BRDA:194,20,0,2
BRDA:194,20,1,0
BRDA:200,21,0,0
BRDA:200,21,1,2
BRDA:207,22,0,2
BRDA:207,22,1,0
BRDA:211,23,0,1
BRDA:211,23,1,1
BRDA:216,24,0,1
BRDA:216,24,1,1
BRDA:235,25,0,1
BRDA:235,25,1,0
BRDA:236,26,0,1
BRDA:236,26,1,0
BRDA:237,27,0,1
BRDA:237,27,1,0
BRDA:262,28,0,0
BRDA:262,28,1,0
BRDA:266,29,0,0
BRDA:266,29,1,0
BRDA:270,30,0,0
BRDA:270,30,1,0
BRDA:286,31,0,0
BRDA:286,31,1,0
BRDA:286,31,2,0
BRDA:286,31,3,0
BRDA:314,32,0,1
BRDA:314,32,1,48
BRDA:322,33,0,45
BRDA:322,33,1,3
BRDA:325,34,0,87
BRDA:325,34,1,70
BRDA:326,35,0,87
BRDA:326,35,1,0
BRDA:327,36,0,31
BRDA:327,36,1,0
BRDA:327,37,0,31
BRDA:327,37,1,0
BRDA:332,38,0,87
BRDA:332,38,1,61
BRDA:345,39,0,87
BRDA:345,39,1,70
BRDA:346,40,0,87
BRDA:346,40,1,70
BRDA:364,41,0,87
BRDA:364,41,1,0
BRDA:373,42,0,87
BRDA:373,42,1,24
BRDA:390,43,0,2
BRDA:390,43,1,2
BRDA:404,44,0,4
BRDA:404,44,1,20
BRDA:408,45,0,4
BRDA:408,45,1,20
BRDA:414,46,0,4
BRDA:414,46,1,20
BRDA:419,47,0,4
BRDA:419,47,1,20
BRDA:424,48,0,4
BRDA:424,48,1,20
BRDA:436,49,0,24
BRDA:436,49,1,9
BRDA:444,50,0,4
BRDA:444,50,1,20
BRDA:456,51,0,24
BRDA:456,51,1,9
BRDA:464,52,0,4
BRDA:464,52,1,20
BRDA:473,53,0,4
BRDA:473,53,1,20
BRDA:476,54,0,4
BRDA:476,54,1,0
BRDA:491,55,0,4
BRDA:491,55,1,0
BRDA:503,56,0,20
BRDA:503,56,1,9
BRDA:513,57,0,24
BRDA:513,57,1,4
BRDA:531,58,0,9
BRDA:531,58,1,15
BRDA:537,59,0,15
BRDA:537,59,1,0
BRDA:568,60,0,37
BRDA:568,60,1,0
BRDA:568,60,2,0
BRDA:616,61,0,24
BRDA:616,61,1,1
BRDA:676,62,0,49
BRDA:676,62,1,1
BRF:128
BRH:84
end_of_record
TN:
SF:src\Pages\employeDashboard\BottomCard.jsx
FN:42,(anonymous_0)
FN:56,(anonymous_1)
FN:68,(anonymous_2)
FN:84,(anonymous_3)
FN:89,(anonymous_4)
FN:91,(anonymous_5)
FN:112,(anonymous_6)
FN:121,(anonymous_7)
FN:134,(anonymous_8)
FN:154,(anonymous_9)
FN:175,(anonymous_10)
FNF:11
FNH:10
FNDA:52,(anonymous_0)
FNDA:27,(anonymous_1)
FNDA:27,(anonymous_2)
FNDA:22,(anonymous_3)
FNDA:0,(anonymous_4)
FNDA:22,(anonymous_5)
FNDA:1,(anonymous_6)
FNDA:27,(anonymous_7)
FNDA:2,(anonymous_8)
FNDA:1,(anonymous_9)
FNDA:26,(anonymous_10)
DA:42,1
DA:43,52
DA:44,52
DA:46,52
DA:47,52
DA:53,0
DA:56,1
DA:57,27
DA:58,27
DA:59,27
DA:60,27
DA:65,0
DA:68,1
DA:69,27
DA:71,27
DA:74,27
DA:75,27
DA:78,27
DA:79,27
DA:81,27
DA:84,1
DA:85,22
DA:86,22
DA:87,22
DA:88,22
DA:89,0
DA:91,22
DA:92,22
DA:95,22
DA:96,21
DA:98,20
DA:101,22
DA:105,22
DA:112,1
DA:122,27
DA:134,2
DA:154,1
DA:176,26
LF:38
LH:35
BRDA:43,0,0,0
BRDA:43,0,1,52
BRDA:57,1,0,0
BRDA:57,1,1,27
BRDA:69,2,0,0
BRDA:69,2,1,27
BRDA:69,3,0,27
BRDA:69,3,1,27
BRDA:69,3,2,27
BRDA:71,4,0,27
BRDA:71,5,0,27
BRDA:74,6,0,27
BRDA:74,6,1,0
BRDA:92,7,0,21
BRDA:92,7,1,1
BRDA:95,8,0,1
BRDA:95,8,1,21
BRDA:96,9,0,1
BRDA:96,9,1,20
BRDA:98,10,0,17
BRDA:98,10,1,3
BRDA:101,11,0,16
BRDA:101,11,1,4
BRDA:120,12,0,14
BRDA:120,12,1,6
BRDA:129,13,0,27
BRDA:129,13,1,1
BRDA:130,14,0,27
BRDA:130,14,1,1
BRDA:174,15,0,13
BRDA:174,15,1,7
BRF:31
BRH:27
end_of_record
TN:
SF:src\Pages\employeDashboard\DepartmentEmployeeTable.jsx
FN:11,(anonymous_0)
FN:23,(anonymous_1)
FNF:2
FNH:2
FNDA:15,(anonymous_0)
FNDA:52,(anonymous_1)
DA:11,1
DA:12,15
DA:13,13
DA:19,15
DA:24,52
LF:5
LH:5
BRDA:12,0,0,2
BRDA:12,0,1,13
BRDA:14,1,0,13
BRDA:14,1,1,4
BRDA:15,2,0,15
BRDA:15,2,1,4
BRDA:16,3,0,15
BRDA:16,3,1,4
BRDA:17,4,0,15
BRDA:17,4,1,4
BRDA:29,5,0,52
BRDA:29,5,1,39
BRF:12
BRH:12
end_of_record
TN:
SF:src\Pages\employeDashboard\EmployeeDetails.jsx
FN:38,(anonymous_0)
FN:42,(anonymous_1)
FN:135,(anonymous_2)
FN:157,(anonymous_3)
FN:170,(anonymous_4)
FN:177,(anonymous_5)
FN:187,(anonymous_6)
FN:204,(anonymous_7)
FN:223,(anonymous_8)
FNF:9
FNH:9
FNDA:26,(anonymous_0)
FNDA:50,(anonymous_1)
FNDA:2,(anonymous_2)
FNDA:100,(anonymous_3)
FNDA:1,(anonymous_4)
FNDA:4,(anonymous_5)
FNDA:84,(anonymous_6)
FNDA:16,(anonymous_7)
FNDA:1,(anonymous_8)
DA:38,1
DA:39,26
DA:40,26
DA:42,26
DA:43,50
DA:45,45
DA:46,45
DA:47,45
DA:48,45
DA:50,45
DA:52,26
DA:53,25
DA:76,26
DA:97,26
DA:119,26
DA:135,2
DA:158,100
DA:170,1
DA:177,4
DA:188,84
DA:205,16
DA:223,1
LF:22
LH:22
BRDA:43,0,0,5
BRDA:43,0,1,45
BRDA:52,1,0,1
BRDA:52,1,1,25
BRDA:55,2,0,25
BRDA:55,2,1,2
BRDA:60,3,0,26
BRDA:60,3,1,2
BRDA:65,4,0,26
BRDA:65,4,1,3
BRDA:70,5,0,26
BRDA:70,5,1,3
BRDA:128,6,0,24
BRDA:128,6,1,1
BRDA:132,7,0,24
BRDA:132,7,1,1
BRDA:142,8,0,23
BRDA:142,8,1,2
BRDA:183,9,0,26
BRDA:183,9,1,21
BRDA:200,10,0,26
BRDA:200,10,1,4
BRDA:209,11,0,16
BRDA:209,11,1,12
BRF:24
BRH:24
end_of_record
TN:
SF:src\Pages\employeDashboard\Employeedashboard.jsx
FN:45,(anonymous_0)
FN:51,(anonymous_1)
FN:53,(anonymous_2)
FN:64,(anonymous_3)
FN:97,(anonymous_4)
FN:105,(anonymous_5)
FN:122,(anonymous_6)
FN:140,(anonymous_7)
FN:153,(anonymous_8)
FNF:9
FNH:7
FNDA:14,(anonymous_0)
FNDA:14,(anonymous_1)
FNDA:14,(anonymous_2)
FNDA:13,(anonymous_3)
FNDA:0,(anonymous_4)
FNDA:0,(anonymous_5)
FNDA:52,(anonymous_6)
FNDA:1,(anonymous_7)
FNDA:18,(anonymous_8)
DA:45,1
DA:46,14
DA:47,14
DA:48,14
DA:50,14
DA:51,14
DA:53,14
DA:54,14
DA:55,2
DA:59,14
DA:61,14
DA:63,14
DA:64,13
DA:65,13
DA:66,13
DA:67,13
DA:70,13
DA:96,14
DA:97,14
DA:98,0
DA:99,0
DA:100,0
DA:105,14
DA:106,0
DA:107,0
DA:108,0
DA:109,0
DA:110,0
DA:111,0
DA:112,0
DA:118,14
DA:123,52
DA:140,1
DA:154,18
LF:34
LH:24
BRDA:54,0,0,2
BRDA:54,0,1,12
BRDA:61,1,0,1
BRDA:61,1,1,13
BRDA:63,2,0,1
BRDA:63,2,1,13
BRDA:72,3,0,13
BRDA:72,3,1,2
BRDA:78,4,0,14
BRDA:78,4,1,2
BRDA:96,5,0,14
BRDA:96,5,1,1
BRDA:98,6,0,0
BRDA:98,6,1,0
BRDA:106,7,0,0
BRDA:106,7,1,0
BRDA:157,8,0,9
BRDA:157,8,1,9
BRF:18
BRH:14
end_of_record
TN:
SF:src\Pages\employeDashboard\FullDashboard.jsx
FN:3,(anonymous_0)
FN:5,(anonymous_1)
FN:10,(anonymous_2)
FN:13,(anonymous_3)
FNF:4
FNH:0
FNDA:0,(anonymous_0)
FNDA:0,(anonymous_1)
FNDA:0,(anonymous_2)
FNDA:0,(anonymous_3)
DA:3,0
DA:4,0
DA:5,0
DA:6,0
DA:8,0
DA:10,0
DA:13,0
LF:7
LH:0
BRF:0
BRH:0
end_of_record
TN:
SF:src\Pages\employeDashboard\LeftContent.jsx
FN:29,(anonymous_0)
FN:36,(anonymous_1)
FN:38,(anonymous_2)
FN:66,(anonymous_3)
FNF:4
FNH:4
FNDA:12,(anonymous_0)
FNDA:12,(anonymous_1)
FNDA:12,(anonymous_2)
FNDA:1,(anonymous_3)
DA:29,1
DA:30,12
DA:31,12
DA:32,12
DA:33,12
DA:34,12
DA:35,12
DA:36,12
DA:38,12
DA:39,12
DA:40,12
DA:44,12
DA:45,11
DA:47,10
DA:49,12
DA:67,1
LF:16
LH:16
BRDA:39,0,0,12
BRDA:39,0,1,0
BRDA:44,1,0,1
BRDA:44,1,1,11
BRDA:45,2,0,1
BRDA:45,2,1,10
BRDA:47,3,0,10
BRDA:47,3,1,0
BRDA:58,4,0,8
BRDA:58,4,1,2
BRDA:75,5,0,12
BRDA:75,5,1,1
BRDA:78,6,0,12
BRDA:78,6,1,1
BRDA:81,7,0,9
BRDA:81,7,1,1
BRDA:90,8,0,12
BRDA:90,8,1,2
BRDA:91,9,0,12
BRDA:91,9,1,2
BRDA:99,10,0,7
BRDA:99,10,1,3
BRDA:110,11,0,12
BRDA:110,11,1,3
BRDA:118,12,0,12
BRDA:118,12,1,3
BRDA:134,13,0,12
BRDA:134,13,1,3
BRDA:139,14,0,12
BRDA:139,14,1,3
BRDA:146,15,0,12
BRDA:146,15,1,3
BRF:32
BRH:30
end_of_record
TN:
SF:src\Pages\employeDashboard\MailModal.jsx
FN:15,(anonymous_0)
FN:24,(anonymous_1)
FN:31,(anonymous_2)
FN:33,(anonymous_3)
FN:35,(anonymous_4)
FN:51,(anonymous_5)
FN:77,(anonymous_6)
FNF:7
FNH:6
FNDA:53,(anonymous_0)
FNDA:22,(anonymous_1)
FNDA:13,(anonymous_2)
FNDA:13,(anonymous_3)
FNDA:6,(anonymous_4)
FNDA:0,(anonymous_5)
FNDA:8,(anonymous_6)
DA:15,1
DA:16,53
DA:21,53
DA:22,53
DA:24,53
DA:25,22
DA:26,20
DA:30,53
DA:31,51
DA:32,13
DA:33,13
DA:35,51
DA:36,6
DA:37,3
DA:43,3
DA:45,3
DA:46,3
DA:47,3
DA:52,0
DA:55,3
DA:56,2
DA:62,2
DA:63,2
DA:65,1
DA:72,3
DA:75,51
DA:77,8
LF:27
LH:26
BRDA:17,0,0,53
BRDA:17,0,1,3
BRDA:25,1,0,20
BRDA:25,1,1,2
BRDA:30,2,0,2
BRDA:30,2,1,51
BRDA:36,3,0,3
BRDA:36,3,1,3
BRDA:36,4,0,6
BRDA:36,4,1,5
BRDA:36,4,2,4
BRDA:113,5,0,3
BRDA:113,5,1,48
BRF:13
BRH:13
end_of_record
TN:
SF:src\Pages\employeDashboard\Parent.jsx
FN:4,(anonymous_0)
FN:22,(anonymous_1)
FN:26,(anonymous_2)
FN:27,(anonymous_3)
FNF:4
FNH:4
FNDA:11,(anonymous_0)
FNDA:4,(anonymous_1)
FNDA:1,(anonymous_2)
FNDA:1,(anonymous_3)
DA:4,1
DA:5,11
DA:7,11
DA:20,11
DA:22,4
DA:26,1
DA:27,1
LF:7
LH:7
BRF:0
BRH:0
end_of_record
TN:
SF:src\Pages\employeDashboard\ProgressCard.jsx
FN:15,(anonymous_0)
FN:23,(anonymous_1)
FN:36,(anonymous_2)
FN:42,(anonymous_3)
FN:43,(anonymous_4)
FNF:5
FNH:5
FNDA:17,(anonymous_0)
FNDA:119,(anonymous_1)
FNDA:119,(anonymous_2)
FNDA:5,(anonymous_3)
FNDA:1,(anonymous_4)
DA:15,1
DA:16,17
DA:17,17
DA:19,17
DA:20,17
DA:21,17
DA:23,119
DA:25,17
DA:37,119
DA:39,119
DA:42,5
DA:43,1
LF:12
LH:12
BRDA:45,0,0,119
BRDA:45,0,1,5
BRF:2
BRH:2
end_of_record
TN:
SF:src\Pages\employeDashboard\RightSideModal.jsx
FN:20,(anonymous_0)
FN:26,(anonymous_1)
FN:32,(anonymous_2)
FN:35,(anonymous_3)
FN:36,(anonymous_4)
FN:47,(anonymous_5)
FN:67,(anonymous_6)
FNF:7
FNH:7
FNDA:27,(anonymous_0)
FNDA:12,(anonymous_1)
FNDA:7,(anonymous_2)
FNDA:1,(anonymous_3)
FNDA:8,(anonymous_4)
FNDA:1,(anonymous_5)
FNDA:28,(anonymous_6)
DA:20,1
DA:21,27
DA:23,27
DA:24,27
DA:26,27
DA:27,12
DA:29,10
DA:31,10
DA:33,7
DA:36,8
DA:39,27
DA:41,26
DA:47,1
DA:67,28
LF:14
LH:14
BRDA:27,0,0,2
BRDA:27,0,1,10
BRDA:27,1,0,12
BRDA:27,1,1,11
BRDA:39,2,0,1
BRDA:39,2,1,26
BRDA:53,3,0,26
BRDA:53,3,1,10
BRDA:55,4,0,27
BRDA:55,4,1,4
BRF:10
BRH:10
end_of_record
TN:
SF:src\Pages\employeDashboard\WeeklyTaskGraph.jsx
FN:21,(anonymous_0)
FN:34,(anonymous_1)
FN:43,(anonymous_2)
FNF:3
FNH:3
FNDA:11,(anonymous_0)
FNDA:50,(anonymous_1)
FNDA:50,(anonymous_2)
DA:21,1
DA:22,11
DA:24,11
DA:34,50
DA:44,50
DA:45,50
LF:6
LH:6
BRF:0
BRH:0
end_of_record
TN:
SF:src\Pages\employee\BankPayment.jsx
FN:26,BankPaymentForm
FN:32,(anonymous_1)
FN:33,(anonymous_2)
FN:34,(anonymous_3)
FN:53,(anonymous_4)
FN:76,(anonymous_5)
FN:99,(anonymous_6)
FN:101,(anonymous_7)
FN:168,(anonymous_8)
FNF:9
FNH:8
FNDA:106,BankPaymentForm
FNDA:106,(anonymous_1)
FNDA:106,(anonymous_2)
FNDA:106,(anonymous_3)
FNDA:8,(anonymous_4)
FNDA:7,(anonymous_5)
FNDA:4,(anonymous_6)
FNDA:3,(anonymous_7)
FNDA:0,(anonymous_8)
DA:27,106
DA:28,106
DA:29,106
DA:31,106
DA:32,106
DA:33,106
DA:34,106
DA:36,106
DA:37,106
DA:38,106
DA:39,106
DA:40,106
DA:41,106
DA:42,106
DA:43,106
DA:44,106
DA:45,106
DA:46,106
DA:47,106
DA:48,106
DA:49,106
DA:50,106
DA:51,106
DA:53,106
DA:54,8
DA:55,2
DA:56,2
DA:57,2
DA:59,0
DA:61,2
DA:62,2
DA:63,2
DA:64,2
DA:65,2
DA:66,2
DA:67,2
DA:68,2
DA:69,2
DA:70,2
DA:71,6
DA:72,5
DA:76,106
DA:77,7
DA:78,0
DA:79,0
DA:80,0
DA:81,0
DA:82,0
DA:83,0
DA:84,0
DA:85,0
DA:86,0
DA:87,0
DA:88,0
DA:89,0
DA:94,106
DA:97,106
DA:99,106
DA:100,4
DA:101,4
DA:104,4
DA:105,4
DA:107,4
DA:108,4
DA:110,0
DA:113,4
DA:114,4
DA:115,2
DA:116,4
DA:117,2
DA:118,4
DA:119,0
DA:120,4
DA:121,0
DA:122,4
DA:123,0
DA:124,4
DA:125,2
DA:127,4
DA:128,2
DA:129,2
DA:132,2
DA:133,1
DA:136,1
DA:139,1
DA:154,4
DA:155,4
DA:157,4
DA:158,4
DA:161,1
DA:162,1
DA:164,0
DA:168,106
DA:169,0
DA:172,106
LF:95
LH:76
BRDA:54,0,0,2
BRDA:54,0,1,6
BRDA:55,1,0,2
BRDA:55,1,1,0
BRDA:56,2,0,2
BRDA:56,2,1,0
BRDA:57,3,0,2
BRDA:57,3,1,0
BRDA:59,4,0,0
BRDA:59,4,1,0
BRDA:61,5,0,2
BRDA:61,5,1,0
BRDA:62,6,0,2
BRDA:62,6,1,2
BRDA:63,7,0,2
BRDA:63,7,1,2
BRDA:64,8,0,2
BRDA:64,8,1,2
BRDA:65,9,0,2
BRDA:65,9,1,2
BRDA:66,10,0,2
BRDA:66,10,1,2
BRDA:67,11,0,2
BRDA:67,11,1,0
BRDA:68,12,0,2
BRDA:68,12,1,2
BRDA:69,13,0,2
BRDA:69,13,1,2
BRDA:70,14,0,2
BRDA:70,14,1,2
BRDA:71,15,0,5
BRDA:71,15,1,1
BRDA:77,16,0,0
BRDA:77,16,1,7
BRDA:78,17,0,0
BRDA:78,17,1,0
BRDA:79,18,0,0
BRDA:79,18,1,0
BRDA:80,19,0,0
BRDA:80,19,1,0
BRDA:81,20,0,0
BRDA:81,20,1,0
BRDA:82,21,0,0
BRDA:82,21,1,0
BRDA:83,22,0,0
BRDA:83,22,1,0
BRDA:84,23,0,0
BRDA:84,23,1,0
BRDA:85,24,0,0
BRDA:85,24,1,0
BRDA:86,25,0,0
BRDA:86,25,1,0
BRDA:87,26,0,0
BRDA:87,26,1,0
BRDA:88,27,0,0
BRDA:88,27,1,0
BRDA:89,28,0,0
BRDA:89,28,1,0
BRDA:95,29,0,106
BRDA:95,29,1,0
BRDA:97,30,0,106
BRDA:97,30,1,0
BRDA:104,31,0,4
BRDA:104,31,1,0
BRDA:105,32,0,2
BRDA:105,32,1,2
BRDA:107,33,0,4
BRDA:107,33,1,0
BRDA:108,34,0,2
BRDA:108,34,1,2
BRDA:110,35,0,0
BRDA:110,35,1,0
BRDA:113,36,0,2
BRDA:113,36,1,2
BRDA:114,37,0,2
BRDA:114,37,1,2
BRDA:116,38,0,2
BRDA:116,38,1,2
BRDA:116,39,0,4
BRDA:116,39,1,3
BRDA:118,40,0,0
BRDA:118,40,1,4
BRDA:118,41,0,4
BRDA:118,41,1,0
BRDA:120,42,0,0
BRDA:120,42,1,4
BRDA:120,43,0,4
BRDA:120,43,1,0
BRDA:122,44,0,0
BRDA:122,44,1,4
BRDA:122,45,0,4
BRDA:122,45,1,0
BRDA:124,46,0,2
BRDA:124,46,1,2
BRDA:127,47,0,2
BRDA:127,47,1,2
BRDA:132,48,0,1
BRDA:132,48,1,1
BRDA:141,49,0,1
BRDA:141,49,1,0
BRDA:146,50,0,4
BRDA:146,50,1,1
BRDA:149,51,0,4
BRDA:149,51,1,1
BRDA:150,52,0,4
BRDA:150,52,1,1
BRDA:151,53,0,4
BRDA:151,53,1,1
BRDA:175,54,0,106
BRDA:175,54,1,1
BRDA:199,55,0,106
BRDA:199,55,1,1
BRDA:199,56,0,1
BRDA:199,56,1,1
BRF:114
BRH:69
end_of_record
TN:
SF:src\Pages\employee\BasicLevel.jsx
FN:25,AddEmployeeForm
FN:28,(anonymous_1)
FN:29,(anonymous_2)
FN:70,(anonymous_3)
FN:76,(anonymous_4)
FN:81,(anonymous_5)
FN:84,(anonymous_6)
FN:90,(anonymous_7)
FN:91,(anonymous_8)
FN:97,(anonymous_9)
FN:113,(anonymous_10)
FN:131,(anonymous_11)
FN:142,(anonymous_12)
FN:180,(anonymous_13)
FNF:14
FNH:11
FNDA:243,AddEmployeeForm
FNDA:244,(anonymous_1)
FNDA:244,(anonymous_2)
FNDA:9,(anonymous_3)
FNDA:65,(anonymous_4)
FNDA:0,(anonymous_5)
FNDA:65,(anonymous_6)
FNDA:0,(anonymous_7)
FNDA:0,(anonymous_8)
FNDA:6,(anonymous_9)
FNDA:84,(anonymous_10)
FNDA:6,(anonymous_11)
FNDA:6,(anonymous_12)
FNDA:1,(anonymous_13)
DA:26,243
DA:27,243
DA:28,244
DA:29,244
DA:31,243
DA:32,243
DA:33,243
DA:34,243
DA:35,243
DA:36,243
DA:37,243
DA:40,243
DA:42,243
DA:70,243
DA:71,9
DA:72,2
DA:76,243
DA:77,65
DA:80,65
DA:81,0
DA:82,0
DA:84,65
DA:85,65
DA:87,65
DA:90,243
DA:91,0
DA:92,0
DA:94,0
DA:97,243
DA:98,6
DA:99,6
DA:101,6
DA:107,6
DA:108,0
DA:110,6
DA:113,6
DA:114,84
DA:115,6
DA:120,6
DA:121,1
DA:123,6
DA:124,0
DA:127,6
DA:128,6
DA:131,243
DA:134,6
DA:137,6
DA:140,6
DA:142,6
DA:144,6
DA:146,3
DA:149,3
DA:150,3
DA:151,3
DA:153,6
DA:158,6
DA:160,6
DA:162,6
DA:168,3
DA:169,2
DA:170,2
DA:171,2
DA:172,2
DA:173,2
DA:175,1
DA:177,1
DA:178,1
DA:180,1
DA:181,1
DA:187,1
DA:188,1
DA:191,1
DA:195,3
DA:199,243
LF:74
LH:67
BRDA:38,0,0,243
BRDA:38,0,1,2
BRDA:40,1,0,243
BRDA:40,1,1,2
BRDA:71,2,0,2
BRDA:71,2,1,7
BRDA:80,3,0,0
BRDA:80,3,1,65
BRDA:81,4,0,0
BRDA:81,4,1,0
BRDA:82,5,0,0
BRDA:82,5,1,0
BRDA:107,6,0,0
BRDA:107,6,1,6
BRDA:114,7,0,6
BRDA:114,7,1,78
BRDA:114,8,0,84
BRDA:114,8,1,78
BRDA:120,9,0,1
BRDA:120,9,1,5
BRDA:120,10,0,6
BRDA:120,10,1,5
BRDA:123,11,0,0
BRDA:123,11,1,6
BRDA:123,12,0,6
BRDA:123,12,1,6
BRDA:144,13,0,3
BRDA:144,13,1,3
BRDA:144,14,0,6
BRDA:144,14,1,4
BRDA:168,15,0,2
BRDA:168,15,1,1
BRDA:169,16,0,2
BRDA:169,16,1,0
BRDA:170,17,0,2
BRDA:170,17,1,0
BRDA:175,18,0,1
BRDA:175,18,1,0
BRDA:177,19,0,1
BRDA:177,19,1,0
BRDA:181,20,0,1
BRDA:181,20,1,0
BRDA:187,21,0,1
BRDA:187,21,1,0
BRDA:202,22,0,243
BRDA:202,22,1,3
BRDA:207,23,0,243
BRDA:207,23,1,4
BRDA:247,24,0,3
BRDA:247,24,1,240
BRF:50
BRH:37
end_of_record
TN:
SF:src\Pages\employee\Documents.jsx
FN:22,DocumentUploadForm
FN:29,(anonymous_1)
FN:30,(anonymous_2)
FN:48,(anonymous_3)
FN:54,(anonymous_4)
FN:60,(anonymous_5)
FN:77,(anonymous_6)
FN:88,(anonymous_7)
FN:97,(anonymous_8)
FN:98,(anonymous_9)
FN:108,(anonymous_10)
FN:112,(anonymous_11)
FN:117,(anonymous_12)
FN:119,(anonymous_13)
FN:120,(anonymous_14)
FN:153,(anonymous_15)
FN:154,(anonymous_16)
FN:159,(anonymous_17)
FN:162,(anonymous_18)
FN:178,(anonymous_19)
FN:187,(anonymous_20)
FN:199,(anonymous_21)
FN:208,(anonymous_22)
FN:252,(anonymous_23)
FN:253,(anonymous_24)
FNF:25
FNH:19
FNDA:16,DocumentUploadForm
FNDA:16,(anonymous_1)
FNDA:16,(anonymous_2)
FNDA:0,(anonymous_3)
FNDA:5,(anonymous_4)
FNDA:5,(anonymous_5)
FNDA:5,(anonymous_6)
FNDA:3,(anonymous_7)
FNDA:1,(anonymous_8)
FNDA:1,(anonymous_9)
FNDA:2,(anonymous_10)
FNDA:6,(anonymous_11)
FNDA:2,(anonymous_12)
FNDA:1,(anonymous_13)
FNDA:1,(anonymous_14)
FNDA:80,(anonymous_15)
FNDA:6,(anonymous_16)
FNDA:0,(anonymous_17)
FNDA:1,(anonymous_18)
FNDA:0,(anonymous_19)
FNDA:80,(anonymous_20)
FNDA:0,(anonymous_21)
FNDA:5,(anonymous_22)
FNDA:0,(anonymous_23)
FNDA:0,(anonymous_24)
DA:23,16
DA:24,16
DA:25,16
DA:26,16
DA:28,16
DA:29,16
DA:30,16
DA:31,16
DA:32,16
DA:40,16
DA:48,16
DA:49,0
DA:52,16
DA:54,16
DA:55,5
DA:57,5
DA:58,5
DA:60,5
DA:62,5
DA:63,1
DA:64,1
DA:68,4
DA:69,1
DA:70,1
DA:73,3
DA:77,5
DA:83,5
DA:84,2
DA:85,2
DA:88,3
DA:94,3
DA:97,16
DA:98,1
DA:99,1
DA:100,1
DA:101,1
DA:108,16
DA:109,2
DA:110,2
DA:111,2
DA:112,2
DA:113,6
DA:114,6
DA:116,2
DA:117,2
DA:119,1
DA:120,1
DA:121,1
DA:124,1
DA:127,2
DA:128,1
DA:129,1
DA:130,1
DA:131,1
DA:133,1
DA:142,2
DA:143,1
DA:145,1
DA:146,1
DA:148,2
DA:153,16
DA:154,80
DA:155,6
DA:159,0
DA:162,1
DA:178,80
DA:179,0
DA:184,80
DA:187,16
DA:188,80
DA:199,0
DA:208,5
DA:215,16
DA:252,0
DA:253,0
LF:75
LH:69
BRDA:62,0,0,1
BRDA:62,0,1,4
BRDA:68,1,0,1
BRDA:68,1,1,3
BRDA:83,2,0,2
BRDA:83,2,1,3
BRDA:113,3,0,6
BRDA:113,3,1,0
BRDA:114,4,0,4
BRDA:114,4,1,2
BRDA:114,5,0,4
BRDA:114,5,1,0
BRDA:124,6,0,1
BRDA:124,6,1,0
BRDA:134,7,0,1
[...]
DA:148,1
DA:151,1
DA:154,1
DA:155,1
DA:159,1
DA:162,1
DA:163,1
DA:164,1
DA:165,1
DA:168,4
DA:169,4
DA:170,4
DA:171,1
DA:172,1
DA:174,3
DA:175,3
DA:179,1
DA:180,1
DA:184,1
DA:185,1
DA:188,2
DA:189,2
DA:191,2
DA:192,1
DA:193,1
DA:194,3
DA:201,1
DA:202,1
DA:203,1
DA:207,1
DA:208,1
DA:211,1
DA:212,1
DA:213,1
DA:214,2
DA:220,1
DA:221,1
DA:222,1
DA:226,1
DA:227,1
DA:228,1
DA:231,1
DA:232,1
DA:235,1
DA:236,1
DA:237,1
DA:241,1
DA:242,1
DA:245,1
DA:246,1
DA:247,1
DA:248,2
DA:255,1
DA:256,1
DA:257,1
DA:260,1
DA:261,1
DA:262,1
DA:265,1
DA:266,1
DA:267,1
DA:268,2
DA:274,1
DA:275,1
DA:276,1
DA:280,1
DA:283,1
DA:284,1
DA:285,2
DA:291,1
DA:292,1
DA:300,3
LF:118
LH:118
BRDA:13,0,0,4
BRDA:13,1,0,4
BRDA:13,2,0,4
BRDA:16,3,0,1
BRDA:16,3,1,3
BRDA:20,4,0,2
BRDA:20,4,1,1
BRDA:32,5,0,2
BRDA:32,5,1,1
BRDA:44,6,0,2
BRDA:44,6,1,1
BRDA:56,7,0,2
BRDA:56,7,1,1
BRDA:69,8,0,3
BRDA:69,8,1,2
BRDA:84,9,0,2
BRDA:84,9,1,1
BRDA:114,10,0,2
BRDA:114,10,1,1
BRDA:170,11,0,1
BRDA:170,11,1,3
BRDA:174,12,0,3
BRDA:174,12,1,2
BRDA:174,12,2,1
BRDA:175,13,0,3
BRDA:175,13,1,2
BRDA:191,14,0,1
BRDA:191,14,1,1
BRDA:191,15,0,2
BRDA:191,15,1,1
BRDA:194,16,0,2
BRDA:194,16,1,1
BRDA:214,17,0,1
BRDA:214,17,1,1
BRDA:248,18,0,1
BRDA:248,18,1,1
BRDA:268,19,0,1
BRDA:268,19,1,1
BRDA:285,20,0,1
BRDA:285,20,1,1
BRF:40
BRH:40
end_of_record
TN:
SF:src\Redux\salaryIncrementSlice.js
FN:13,(anonymous_0)
FN:30,(anonymous_1)
FN:54,(anonymous_2)
FN:60,(anonymous_3)
FN:66,(anonymous_4)
FN:70,(anonymous_5)
FN:74,(anonymous_6)
FN:82,(anonymous_7)
FN:87,(anonymous_8)
FN:94,(anonymous_9)
FNF:10
FNH:8
FNDA:0,(anonymous_0)
FNDA:0,(anonymous_1)
FNDA:1,(anonymous_2)
FNDA:1,(anonymous_3)
FNDA:1,(anonymous_4)
FNDA:2,(anonymous_5)
FNDA:1,(anonymous_6)
FNDA:1,(anonymous_7)
FNDA:1,(anonymous_8)
FNDA:1,(anonymous_9)
DA:11,1
DA:14,0
DA:15,0
DA:17,0
DA:28,1
DA:31,0
DA:32,0
DA:34,0
DA:45,1
DA:55,1
DA:56,1
DA:57,1
DA:61,1
DA:67,1
DA:68,1
DA:71,2
DA:72,2
DA:75,1
DA:76,1
DA:83,1
DA:84,1
DA:85,1
DA:88,1
DA:89,1
DA:92,1
DA:95,1
DA:96,1
DA:102,1
LF:28
LH:22
BRDA:18,0,0,0
BRDA:18,0,1,0
BRDA:35,1,0,0
BRDA:35,1,1,0
BRDA:72,2,0,2
BRDA:72,2,1,1
BRF:6
BRH:2
end_of_record
TN:
SF:src\Redux\superAdminSlice.js
FN:14,(anonymous_0)
FN:23,(anonymous_1)
FN:35,(anonymous_2)
FN:43,(anonymous_3)
FN:51,(anonymous_4)
FN:60,(anonymous_5)
FN:67,(anonymous_6)
FN:102,clearSelectedCompany
FN:105,setSearchQuery
FN:109,(anonymous_9)
FN:112,(anonymous_10)
FN:116,(anonymous_11)
FN:127,(anonymous_12)
FN:133,(anonymous_13)
FN:138,(anonymous_14)
FN:143,(anonymous_15)
FN:144,(anonymous_16)
FN:151,(anonymous_17)
FN:152,(anonymous_18)
FN:155,(anonymous_19)
FN:159,(anonymous_20)
FN:163,(anonymous_21)
FN:168,(anonymous_22)
FN:173,(anonymous_23)
FN:183,(anonymous_24)
FN:190,(anonymous_25)
FNF:26
FNH:19
FNDA:0,(anonymous_0)
FNDA:0,(anonymous_1)
FNDA:0,(anonymous_2)
FNDA:0,(anonymous_3)
FNDA:0,(anonymous_4)
FNDA:0,(anonymous_5)
FNDA:0,(anonymous_6)
FNDA:1,clearSelectedCompany
FNDA:1,setSearchQuery
FNDA:1,(anonymous_9)
FNDA:1,(anonymous_10)
FNDA:1,(anonymous_11)
FNDA:1,(anonymous_12)
FNDA:1,(anonymous_13)
FNDA:1,(anonymous_14)
FNDA:2,(anonymous_15)
FNDA:2,(anonymous_16)
FNDA:1,(anonymous_17)
FNDA:2,(anonymous_18)
FNDA:1,(anonymous_19)
FNDA:1,(anonymous_20)
FNDA:1,(anonymous_21)
FNDA:1,(anonymous_22)
FNDA:2,(anonymous_23)
FNDA:2,(anonymous_24)
FNDA:1,(anonymous_25)
DA:12,1
DA:15,0
DA:21,1
DA:24,0
DA:25,0
DA:27,0
DA:33,1
DA:36,0
DA:41,1
DA:44,0
DA:49,1
DA:52,0
DA:53,0
DA:58,1
DA:61,0
DA:65,1
DA:68,0
DA:69,0
DA:70,0
DA:76,0
DA:84,1
DA:103,1
DA:106,1
DA:110,1
DA:113,1
DA:114,1
DA:117,1
DA:118,1
DA:119,1
DA:128,1
DA:129,1
DA:134,1
DA:139,1
DA:144,2
DA:145,2
DA:146,1
DA:152,2
DA:156,1
DA:157,1
DA:160,1
DA:161,1
DA:164,1
DA:165,1
DA:169,1
DA:170,1
DA:174,2
DA:176,2
DA:178,2
DA:179,2
DA:182,2
DA:183,2
DA:186,2
DA:187,2
DA:191,1
DA:192,1
DA:197,1
LF:56
LH:43
BRDA:14,0,0,0
BRDA:14,1,0,0
BRDA:27,2,0,0
BRDA:27,2,1,0
BRDA:77,3,0,0
BRDA:77,3,1,0
BRDA:145,4,0,1
BRDA:145,4,1,1
BRDA:178,5,0,2
BRDA:178,5,1,0
BRDA:186,6,0,2
BRDA:186,6,1,0
BRDA:192,7,0,1
BRDA:192,7,1,0
BRF:14
BRH:5
end_of_record
TN:
SF:src\hooks\useAccessToken.js
FN:2,(anonymous_0)
FNF:1
FNH:1
FNDA:5,(anonymous_0)
DA:2,1
DA:3,5
DA:4,5
DA:5,5
DA:7,1
LF:5
LH:5
BRDA:4,0,0,5
BRDA:4,0,1,2
BRF:2
BRH:2
end_of_record
TN:
SF:src\hooks\useRefreshToken.jsx
FN:6,(anonymous_0)
FN:9,(anonymous_1)
FNF:2
FNH:2
FNDA:7,(anonymous_0)
FNDA:6,(anonymous_1)
DA:6,1
DA:7,7
DA:9,7
DA:10,6
DA:11,6
DA:17,4
DA:18,6
DA:19,1
DA:20,1
DA:21,1
DA:24,3
DA:26,2
DA:27,2
DA:28,2
DA:32,7
LF:15
LH:15
BRDA:18,0,0,1
BRDA:18,0,1,5
BRF:2
BRH:2
end_of_record
TN:
SF:src\services\api.js
FN:16,(anonymous_0)
FN:23,(anonymous_1)
FN:27,(anonymous_2)
FN:28,(anonymous_3)
FNF:4
FNH:4
FNDA:3,(anonymous_0)
FNDA:1,(anonymous_1)
FNDA:1,(anonymous_2)
FNDA:9,(anonymous_3)
DA:4,18
DA:5,18
DA:7,18
DA:15,18
DA:17,3
DA:18,3
DA:19,2
DA:21,3
DA:23,1
DA:26,18
DA:27,1
DA:30,9
DA:32,9
DA:37,5
DA:39,5
DA:40,5
DA:41,5
DA:45,4
DA:46,4
DA:48,4
DA:49,2
DA:50,2
DA:51,1
DA:54,2
DA:55,2
DA:56,1
DA:59,4
DA:60,4
DA:62,1
DA:63,1
DA:64,1
DA:65,1
DA:68,4
LF:33
LH:33
BRDA:17,0,0,3
BRDA:17,0,1,2
BRDA:18,1,0,2
BRDA:18,1,1,1
BRDA:32,2,0,5
BRDA:32,2,1,4
BRDA:33,3,0,9
BRDA:33,3,1,7
BRDA:33,3,2,6
BRDA:33,3,3,3
BRDA:40,4,0,5
BRDA:40,4,1,2
BRDA:48,5,0,2
BRDA:48,5,1,2
BRDA:50,6,0,1
BRDA:50,6,1,1
BRDA:55,7,0,1
BRDA:55,7,1,1
BRF:18
BRH:18
end_of_record
TN:
SF:src\services\attendanceService.js
FN:11,(anonymous_0)
FN:17,(anonymous_1)
FN:25,(anonymous_2)
FN:33,(anonymous_3)
FNF:4
FNH:4
FNDA:2,(anonymous_0)
FNDA:3,(anonymous_1)
FNDA:3,(anonymous_2)
FNDA:3,(anonymous_3)
DA:11,2
DA:12,2
DA:14,1
DA:17,2
DA:18,3
DA:21,3
DA:22,2
DA:25,2
DA:26,3
DA:27,3
DA:28,3
DA:29,3
DA:30,2
DA:33,2
DA:39,3
DA:43,3
DA:44,1
DA:47,3
DA:52,2
LF:19
LH:19
BRDA:11,0,0,2
BRDA:18,1,0,1
BRDA:18,1,1,2
BRDA:25,2,0,3
BRDA:25,3,0,3
BRDA:27,4,0,1
BRDA:27,4,1,2
BRDA:28,5,0,3
BRDA:28,5,1,0
BRDA:37,6,0,3
BRDA:43,7,0,1
BRDA:43,7,1,2
BRF:12
BRH:11
end_of_record
TN:
SF:src\services\companyService.js
FN:5,(anonymous_0)
FN:11,(anonymous_1)
FN:14,(anonymous_2)
FNF:3
FNH:3
FNDA:2,(anonymous_0)
FNDA:4,(anonymous_1)
FNDA:8,(anonymous_2)
DA:5,1
DA:6,2
DA:7,1
DA:11,1
DA:12,4
DA:14,4
DA:15,8
DA:16,6
DA:20,4
DA:26,3
LF:10
LH:10
BRDA:15,0,0,6
BRDA:15,0,1,2
BRDA:15,1,0,8
BRDA:15,1,1,7
BRF:4
BRH:4
end_of_record
TN:
SF:src\services\dailyTaskServices.js
FN:5,(anonymous_0)
FN:11,(anonymous_1)
FNF:2
FNH:2
FNDA:4,(anonymous_0)
FNDA:4,(anonymous_1)
DA:5,2
DA:6,4
DA:7,3
DA:11,2
DA:12,4
DA:16,3
LF:6
LH:6
BRDA:5,0,0,4
BRDA:7,1,0,3
BRDA:7,1,1,1
BRDA:11,2,0,4
BRDA:13,3,0,1
BRDA:13,3,1,3
BRDA:16,4,0,3
BRDA:16,4,1,1
BRF:8
BRH:8
end_of_record
TN:
SF:src\services\dashboardService.js
FN:6,(anonymous_0)
FN:13,(anonymous_1)
FN:18,(anonymous_2)
FN:23,(anonymous_3)
FN:29,(anonymous_4)
FN:34,(anonymous_5)
FN:39,(anonymous_6)
FN:44,(anonymous_7)
FN:49,(anonymous_8)
FN:54,(anonymous_9)
FN:59,(anonymous_10)
FNF:11
FNH:11
FNDA:2,(anonymous_0)
FNDA:1,(anonymous_1)
FNDA:1,(anonymous_2)
FNDA:1,(anonymous_3)
FNDA:1,(anonymous_4)
FNDA:1,(anonymous_5)
FNDA:1,(anonymous_6)
FNDA:1,(anonymous_7)
FNDA:1,(anonymous_8)
FNDA:1,(anonymous_9)
FNDA:1,(anonymous_10)
DA:4,1
DA:6,1
DA:7,2
DA:8,1
DA:13,1
DA:14,1
DA:15,1
DA:18,1
DA:19,1
DA:20,1
DA:23,1
DA:24,1
DA:26,1
DA:29,1
DA:30,1
DA:31,1
DA:34,1
DA:35,1
DA:36,1
DA:39,1
DA:40,1
DA:41,1
DA:44,1
DA:45,1
DA:46,1
DA:49,1
DA:50,1
DA:51,1
DA:54,1
DA:55,1
DA:56,1
DA:59,1
DA:60,1
DA:61,1
LF:34
LH:34
BRF:0
BRH:0
end_of_record
TN:
SF:src\services\departmentServices.js
FN:7,(anonymous_0)
FN:17,(anonymous_1)
FN:26,(anonymous_2)
FN:32,(anonymous_3)
FN:39,(anonymous_4)
FN:46,(anonymous_5)
FN:53,(anonymous_6)
FN:60,(anonymous_7)
FNF:8
FNH:8
FNDA:2,(anonymous_0)
FNDA:1,(anonymous_1)
FNDA:1,(anonymous_2)
FNDA:1,(anonymous_3)
FNDA:1,(anonymous_4)
FNDA:1,(anonymous_5)
FNDA:1,(anonymous_6)
FNDA:1,(anonymous_7)
DA:7,3
DA:8,2
DA:9,2
DA:10,2
DA:12,2
DA:13,2
DA:17,3
DA:18,1
DA:19,1
DA:20,1
DA:26,3
DA:27,1
DA:28,1
DA:32,3
DA:33,1
DA:34,1
DA:39,3
DA:40,1
DA:41,1
DA:46,3
DA:47,1
DA:48,1
DA:53,3
DA:54,1
DA:55,1
DA:60,3
DA:61,1
DA:62,1
LF:28
LH:28
BRDA:7,0,0,2
BRDA:7,1,0,2
BRDA:9,2,0,1
BRDA:9,2,1,1
BRDA:10,3,0,2
BRDA:10,3,1,0
BRF:6
BRH:5
end_of_record
TN:
SF:src\services\employeeService.js
FN:5,(anonymous_0)
FN:27,(anonymous_1)
FN:32,(anonymous_2)
FN:49,(anonymous_3)
FN:54,(anonymous_4)
FN:66,(anonymous_5)
FN:77,(anonymous_6)
FN:81,(anonymous_7)
FN:88,(anonymous_8)
FN:101,(anonymous_9)
FN:109,(anonymous_10)
FN:121,(anonymous_11)
FN:135,(anonymous_12)
FN:139,(anonymous_13)
FN:148,(anonymous_14)
FN:154,(anonymous_15)
FN:159,(anonymous_16)
FN:164,(anonymous_17)
FN:168,(anonymous_18)
FN:174,(anonymous_19)
FN:178,(anonymous_20)
FN:182,(anonymous_21)
FNF:22
FNH:22
FNDA:3,(anonymous_0)
FNDA:2,(anonymous_1)
FNDA:3,(anonymous_2)
FNDA:2,(anonymous_3)
FNDA:4,(anonymous_4)
FNDA:4,(anonymous_5)
FNDA:2,(anonymous_6)
FNDA:2,(anonymous_7)
FNDA:3,(anonymous_8)
FNDA:2,(anonymous_9)
FNDA:2,(anonymous_10)
FNDA:3,(anonymous_11)
FNDA:2,(anonymous_12)
FNDA:2,(anonymous_13)
FNDA:2,(anonymous_14)
FNDA:2,(anonymous_15)
FNDA:2,(anonymous_16)
FNDA:2,(anonymous_17)
FNDA:2,(anonymous_18)
FNDA:2,(anonymous_19)
FNDA:2,(anonymous_20)
FNDA:2,(anonymous_21)
DA:5,7
DA:7,3
DA:8,3
DA:9,4
DA:11,3
DA:12,3
DA:17,1
DA:19,2
DA:23,2
DA:27,7
DA:28,2
DA:29,1
DA:32,7
DA:33,3
DA:34,3
DA:39,1
DA:41,2
DA:45,2
DA:49,7
DA:50,2
DA:51,1
DA:54,7
DA:59,4
DA:60,4
DA:61,1
DA:63,4
DA:64,3
DA:66,7
DA:70,4
DA:71,4
DA:72,1
DA:74,4
DA:75,3
DA:77,7
DA:78,2
DA:79,1
DA:81,7
DA:82,2
DA:85,1
DA:88,7
DA:89,3
DA:90,3
DA:91,1
DA:93,2
DA:97,2
DA:101,7
DA:102,2
DA:109,7
DA:110,2
DA:121,7
DA:122,3
DA:123,3
DA:126,1
DA:128,2
DA:132,2
DA:135,7
DA:136,2
DA:137,1
DA:139,7
DA:140,2
DA:141,2
DA:142,2
DA:145,1
DA:148,7
DA:149,2
DA:150,1
DA:151,1
DA:154,7
DA:155,2
DA:156,1
DA:159,7
DA:160,2
DA:161,1
DA:164,7
DA:165,2
DA:166,1
DA:168,7
DA:169,2
DA:172,1
DA:174,7
DA:175,2
DA:176,1
DA:178,7
DA:179,2
DA:180,1
DA:182,7
DA:183,2
DA:184,1
LF:88
LH:88
BRDA:21,0,0,2
BRDA:21,0,1,1
BRDA:43,1,0,2
BRDA:43,1,1,1
BRDA:55,2,0,4
BRDA:56,3,0,4
BRDA:57,4,0,4
BRDA:60,5,0,1
BRDA:60,5,1,3
BRDA:67,6,0,4
BRDA:68,7,0,4
BRDA:71,8,0,1
BRDA:71,8,1,3
BRDA:95,9,0,2
BRDA:95,9,1,1
BRDA:130,10,0,2
BRDA:130,10,1,1
BRF:17
BRH:17
end_of_record
TN:
SF:src\services\fieldShiftService.js
FN:5,(anonymous_0)
FN:11,(anonymous_1)
FN:20,(anonymous_2)
FN:26,(anonymous_3)
FN:31,(anonymous_4)
FN:39,(anonymous_5)
FN:45,(anonymous_6)
FN:50,(anonymous_7)
FN:55,(anonymous_8)
FNF:9
FNH:9
FNDA:1,(anonymous_0)
FNDA:2,(anonymous_1)
FNDA:1,(anonymous_2)
FNDA:1,(anonymous_3)
FNDA:1,(anonymous_4)
FNDA:1,(anonymous_5)
FNDA:1,(anonymous_6)
FNDA:1,(anonymous_7)
FNDA:1,(anonymous_8)
DA:5,1
DA:6,1
DA:7,1
DA:11,1
DA:12,2
DA:15,2
DA:20,1
DA:21,1
DA:22,1
DA:26,1
DA:27,1
DA:28,1
DA:31,1
DA:32,1
DA:35,1
DA:39,1
DA:40,1
DA:41,1
DA:45,1
DA:46,1
DA:47,1
DA:50,1
DA:51,1
DA:52,1
DA:55,1
DA:56,1
DA:57,1
DA:60,1
LF:28
LH:28
BRDA:11,0,0,2
BRDA:11,1,0,2
BRF:2
BRH:2
end_of_record
TN:
SF:src\services\financeService.js
FN:3,(anonymous_0)
FN:8,(anonymous_1)
FN:23,(anonymous_2)
FN:29,(anonymous_3)
FN:34,(anonymous_4)
FNF:5
FNH:5
FNDA:1,(anonymous_0)
FNDA:4,(anonymous_1)
FNDA:1,(anonymous_2)
FNDA:1,(anonymous_3)
FNDA:2,(anonymous_4)
DA:3,2
DA:4,1
DA:5,1
DA:8,2
DA:14,4
DA:16,4
DA:17,4
DA:19,4
DA:20,4
DA:23,2
DA:24,1
DA:25,1
DA:29,2
DA:30,1
DA:31,1
DA:34,2
DA:35,2
DA:39,2
LF:18
LH:18
BRDA:9,0,0,4
BRDA:10,1,0,4
BRDA:11,2,0,4
BRDA:12,3,0,4
BRDA:16,4,0,2
BRDA:16,4,1,2
BRDA:17,5,0,2
BRDA:17,5,1,2
BRDA:34,6,0,2
BRDA:36,7,0,1
BRDA:36,7,1,1
BRF:11
BRH:11
end_of_record
TN:
SF:src\services\holidayService.js
FN:4,(anonymous_0)
FN:11,(anonymous_1)
FN:17,(anonymous_2)
FN:23,(anonymous_3)
FN:29,(anonymous_4)
FN:35,(anonymous_5)
FNF:6
FNH:6
FNDA:2,(anonymous_0)
FNDA:2,(anonymous_1)
FNDA:2,(anonymous_2)
FNDA:1,(anonymous_3)
FNDA:2,(anonymous_4)
FNDA:2,(anonymous_5)
DA:4,2
DA:5,2
DA:6,1
DA:11,2
DA:12,2
DA:13,2
DA:17,2
DA:18,2
DA:19,1
DA:23,2
DA:24,1
DA:25,1
DA:29,2
DA:30,2
DA:31,1
DA:35,2
DA:36,2
DA:37,1
LF:18
LH:18
BRDA:11,0,0,2
BRF:1
BRH:1
end_of_record
TN:
SF:src\services\leaveService.js
FN:3,(anonymous_0)
FN:28,(anonymous_1)
FN:34,(anonymous_2)
FN:40,(anonymous_3)
FNF:4
FNH:4
FNDA:3,(anonymous_0)
FNDA:2,(anonymous_1)
FNDA:2,(anonymous_2)
FNDA:2,(anonymous_3)
DA:3,2
DA:11,3
DA:13,3
DA:14,3
DA:15,3
DA:17,3
DA:18,3
DA:20,3
DA:24,2
DA:28,2
DA:29,2
DA:30,1
DA:34,2
DA:35,2
DA:36,1
DA:40,2
DA:41,2
DA:42,1
LF:18
LH:18
BRDA:4,0,0,3
BRDA:13,1,0,1
BRDA:13,1,1,2
BRDA:14,2,0,1
BRDA:14,2,1,2
BRDA:15,3,0,1
BRDA:15,3,1,2
BRDA:17,4,0,1
BRDA:17,4,1,2
BRDA:18,5,0,1
BRDA:18,5,1,2
BRF:11
BRH:11
end_of_record
TN:
SF:src\services\logout.js
FN:4,(anonymous_0)
FN:7,(anonymous_1)
FNF:2
FNH:2
FNDA:4,(anonymous_0)
FNDA:4,(anonymous_1)
DA:4,1
DA:5,4
DA:7,4
DA:8,4
DA:9,4
DA:11,4
DA:12,1
DA:13,1
DA:14,1
DA:17,3
DA:21,1
DA:22,1
DA:24,2
DA:25,2
DA:26,2
DA:30,4
LF:16
LH:16
BRDA:11,0,0,1
BRDA:11,0,1,3
BRDA:24,1,0,2
BRDA:24,1,1,1
BRF:4
BRH:4
end_of_record
TN:
SF:src\services\payrollService.js
FN:5,(anonymous_0)
FN:18,(anonymous_1)
FN:33,(anonymous_2)
FN:55,(anonymous_3)
FN:70,(anonymous_4)
FN:80,(anonymous_5)
FN:98,(anonymous_6)
FNF:7
FNH:7
FNDA:2,(anonymous_0)
FNDA:2,(anonymous_1)
FNDA:2,(anonymous_2)
FNDA:2,(anonymous_3)
FNDA:2,(anonymous_4)
FNDA:2,(anonymous_5)
FNDA:2,(anonymous_6)
DA:5,3
DA:6,2
DA:7,2
DA:10,1
DA:12,1
DA:13,1
DA:18,3
DA:19,2
DA:20,2
DA:26,1
DA:28,1
DA:29,1
DA:33,3
DA:34,2
DA:35,2
DA:36,2
DA:46,1
DA:48,1
DA:49,1
DA:55,3
DA:56,2
DA:57,2
DA:62,1
DA:64,1
DA:65,1
DA:70,3
DA:71,2
DA:72,2
DA:73,1
DA:75,1
DA:76,1
DA:80,3
DA:81,2
DA:82,2
DA:89,1
DA:91,1
DA:92,1
DA:98,3
DA:106,2
DA:107,2
DA:118,1
DA:121,1
DA:125,1
LF:43
LH:43
BRDA:5,0,0,2
BRDA:5,1,0,2
BRDA:5,2,0,2
BRDA:12,3,0,1
BRDA:12,3,1,0
BRDA:12,3,2,0
BRDA:28,4,0,1
BRDA:28,4,1,0
BRDA:28,4,2,0
BRDA:48,5,0,1
BRDA:48,5,1,0
BRDA:48,5,2,0
BRDA:64,6,0,1
BRDA:64,6,1,0
BRDA:64,6,2,0
BRDA:75,7,0,1
BRDA:75,7,1,0
BRDA:75,7,2,0
BRDA:91,8,0,1
BRDA:91,8,1,0
BRDA:91,8,2,0
BRDA:121,9,0,1
BRDA:121,9,1,0
BRDA:121,9,2,0
BRF:24
BRH:10
end_of_record
TN:
SF:src\services\reimbursement.js
FN:4,(anonymous_0)
FN:12,(anonymous_1)
FN:24,(anonymous_2)
FN:37,(anonymous_3)
FNF:4
FNH:4
FNDA:1,(anonymous_0)
FNDA:2,(anonymous_1)
FNDA:3,(anonymous_2)
FNDA:1,(anonymous_3)
DA:4,1
DA:5,1
DA:6,1
DA:12,1
DA:17,2
DA:20,2
DA:24,1
DA:25,3
DA:26,3
DA:30,1
DA:32,2
DA:33,2
DA:37,1
DA:38,1
DA:39,1
LF:15
LH:15
BRDA:14,0,0,2
BRDA:15,1,0,2
BRDA:33,2,0,2
BRDA:33,2,1,1
BRF:4
BRH:4
end_of_record
TN:
SF:src\services\salaryIncrementService.js
FN:4,(anonymous_0)
FN:12,(anonymous_1)
FNF:2
FNH:2
FNDA:2,(anonymous_0)
FNDA:2,(anonymous_1)
DA:4,2
DA:5,2
DA:8,1
DA:12,2
DA:13,2
DA:17,1
LF:6
LH:6
BRF:0
BRH:0
end_of_record
TN:
SF:src\services\superAdminService.js
FN:6,(anonymous_0)
FN:17,(anonymous_1)
FN:27,(anonymous_2)
FN:33,(anonymous_3)
FN:43,(anonymous_4)
FN:49,(anonymous_5)
FN:54,(anonymous_6)
FNF:7
FNH:7
FNDA:3,(anonymous_0)
FNDA:2,(anonymous_1)
FNDA:2,(anonymous_2)
FNDA:2,(anonymous_3)
FNDA:2,(anonymous_4)
FNDA:2,(anonymous_5)
FNDA:3,(anonymous_6)
DA:6,2
DA:7,3
DA:8,3
DA:9,1
DA:11,3
DA:12,2
DA:17,2
DA:18,2
DA:23,1
DA:27,2
DA:28,2
DA:29,1
DA:33,2
DA:34,2
DA:39,1
DA:43,2
DA:44,2
DA:45,1
DA:49,2
DA:50,2
DA:51,1
DA:54,2
DA:55,3
DA:60,2
LF:24
LH:24
BRDA:6,0,0,3
BRDA:6,1,0,3
BRDA:8,2,0,1
BRDA:8,2,1,2
BRDA:8,3,0,3
BRDA:8,3,1,1
BRF:6
BRH:6
end_of_record
TN:
SF:src\services\utlis\emailService.js
FN:5,(anonymous_0)
FNF:1
FNH:1
FNDA:4,(anonymous_0)
DA:5,1
DA:6,4
DA:8,4
DA:11,4
DA:22,4
DA:26,4
DA:27,4
DA:33,3
DA:35,1
LF:9
LH:9
BRDA:5,0,0,4
BRF:1
BRH:1
end_of_record
TN:
SF:src\services\utlis\invoiceGenerator.js
FN:1,(anonymous_0)
FNF:1
FNH:1
FNDA:11,(anonymous_0)
DA:1,11
DA:83,1
LF:2
LH:2
BRDA:1,0,0,11
BRDA:20,1,0,11
BRDA:20,1,1,8
BRDA:21,2,0,3
BRDA:21,2,1,8
BRDA:27,3,0,11
BRDA:27,3,1,8
BRF:7
BRH:7
end_of_record
TN:
SF:src\services\utlis\printPayroll.js
FN:1,(anonymous_0)
FN:10,(anonymous_1)
FN:19,(anonymous_2)
FN:79,(anonymous_3)
FNF:4
FNH:4
FNDA:14,(anonymous_0)
FNDA:3,(anonymous_1)
FNDA:2,(anonymous_2)
FNDA:12,(anonymous_3)
DA:1,1
DA:2,14
DA:4,12
DA:6,12
DA:9,12
DA:10,12
DA:11,3
DA:12,1
DA:16,12
DA:19,2
DA:22,12
DA:76,12
DA:77,12
DA:79,12
DA:80,12
DA:81,12
LF:16
LH:16
BRDA:2,0,0,2
BRDA:2,0,1,12
BRDA:11,1,0,1
BRDA:11,1,1,2
BRDA:11,2,0,3
BRDA:11,2,1,2
BRF:6
BRH:6
end_of_record
TN:
SF:src\utils\attendance.js
FN:3,(anonymous_0)
FN:23,(anonymous_1)
FNF:2
FNH:2
FNDA:29,(anonymous_0)
FNDA:29,(anonymous_1)
DA:3,2
DA:4,29
DA:6,29
DA:23,29
DA:24,29
DA:36,29
DA:38,29
DA:49,29
DA:55,29
LF:9
LH:9
BRDA:3,0,0,29
BRF:1
BRH:1
end_of_record
TN:
SF:src\utils\employeelistReport.js
FN:3,(anonymous_0)
FN:24,(anonymous_1)
FN:104,(anonymous_2)
FN:130,(anonymous_3)
FNF:4
FNH:4
FNDA:3,(anonymous_0)
FNDA:3,(anonymous_1)
FNDA:27,(anonymous_2)
FNDA:27,(anonymous_3)
DA:3,1
DA:4,3
DA:6,3
DA:24,3
DA:25,3
DA:38,3
DA:41,3
DA:46,3
DA:59,3
DA:60,3
DA:63,3
DA:79,3
DA:80,3
DA:92,3
DA:104,3
DA:105,27
DA:127,3
DA:128,3
DA:130,3
DA:131,27
DA:133,27
DA:134,27
DA:161,3
DA:166,3
DA:170,3
DA:176,3
LF:26
LH:26
BRDA:3,0,0,3
BRDA:27,1,0,3
BRDA:27,1,1,1
BRDA:28,2,0,3
BRDA:28,2,1,1
BRDA:29,3,0,3
BRDA:29,3,1,1
BRDA:30,4,0,3
BRDA:30,4,1,1
BRDA:31,5,0,3
BRDA:31,5,1,1
BRDA:32,6,0,3
BRDA:32,6,1,1
BRDA:33,7,0,3
BRDA:33,7,1,1
BRDA:34,8,0,3
BRDA:34,8,1,1
BRDA:79,9,0,3
BRDA:79,9,1,0
BRDA:133,10,0,27
BRDA:133,10,1,0
BRDA:137,11,0,12
BRDA:137,11,1,15
BRDA:137,12,0,27
BRDA:137,12,1,24
BRDA:137,12,2,21
BRDA:137,12,3,18
BRDA:146,13,0,18
BRDA:146,13,1,9
BRF:29
BRH:27
end_of_record
TN:
SF:src\utils\holiday.js
FN:3,(anonymous_0)
FN:20,(anonymous_1)
FNF:2
FNH:2
FNDA:10,(anonymous_0)
FNDA:8,(anonymous_1)
DA:3,1
DA:4,10
DA:6,10
DA:20,10
DA:21,8
DA:30,10
DA:32,10
DA:40,10
DA:46,10
LF:9
LH:9
BRDA:3,0,0,10
BRDA:23,1,0,8
BRDA:23,1,1,2
BRDA:24,2,0,8
BRDA:24,2,1,3
BRDA:25,3,0,8
BRDA:25,3,1,2
BRDA:26,4,0,8
BRDA:26,4,1,3
BRF:9
BRH:9
end_of_record
TN:
SF:src\utils\leaveExcelExport.js
FN:3,(anonymous_0)
FN:11,(anonymous_1)
FN:15,(anonymous_2)
FN:19,(anonymous_3)
FN:47,(anonymous_4)
FN:135,(anonymous_5)
FN:175,(anonymous_6)
FN:216,(anonymous_7)
FNF:8
FNH:8
FNDA:6,(anonymous_0)
FNDA:10,(anonymous_1)
FNDA:10,(anonymous_2)
FNDA:10,(anonymous_3)
FNDA:10,(anonymous_4)
FNDA:12,(anonymous_5)
FNDA:60,(anonymous_6)
FNDA:100,(anonymous_7)
DA:3,1
DA:8,6
DA:10,6
DA:11,10
DA:14,6
DA:15,10
DA:18,6
DA:19,10
DA:22,6
DA:24,6
DA:47,6
DA:48,10
DA:64,6
DA:67,6
DA:73,6
DA:87,6
DA:89,6
DA:90,52
DA:103,6
DA:119,6
DA:135,6
DA:136,12
DA:137,12
DA:162,6
DA:175,6
DA:176,60
DA:212,6
DA:213,10
DA:215,10
DA:217,100
DA:219,100
DA:220,100
DA:265,10
DA:267,10
DA:269,10
DA:271,10
DA:272,5
DA:279,10
DA:280,5
DA:287,10
DA:288,0
DA:295,10
DA:301,10
DA:306,10
DA:310,10
DA:316,10
LF:46
LH:45
BRDA:50,0,0,10
BRDA:50,0,1,0
BRDA:51,1,0,10
BRDA:51,1,1,0
BRDA:51,1,2,0
BRDA:54,2,0,10
BRDA:54,2,1,0
BRDA:55,3,0,10
BRDA:55,3,1,0
BRDA:59,4,0,10
BRDA:59,4,1,0
BRDA:60,5,0,10
BRDA:60,5,1,0
BRDA:92,6,0,6
BRDA:92,6,1,46
BRDA:94,7,0,6
BRDA:94,7,1,40
BRDA:96,8,0,30
BRDA:96,8,1,10
BRDA:136,9,0,12
BRDA:136,9,1,0
BRDA:219,10,0,100
BRDA:219,10,1,0
BRDA:223,11,0,30
BRDA:223,11,1,70
BRDA:223,12,0,100
BRDA:223,12,1,90
BRDA:223,12,2,80
BRDA:231,13,0,50
BRDA:231,13,1,50
BRDA:267,14,0,10
BRDA:267,14,1,0
BRDA:271,15,0,5
BRDA:271,15,1,5
BRDA:279,16,0,5
BRDA:279,16,1,5
BRDA:287,17,0,0
BRDA:287,17,1,10
BRF:38
BRH:27
end_of_record
TN:
SF:src\utils\montlyAttendance.js
FN:3,(anonymous_0)
FN:64,(anonymous_1)
FN:74,(anonymous_2)
FN:109,(anonymous_3)
FN:128,(anonymous_4)
FN:134,(anonymous_5)
FN:160,(anonymous_6)
FNF:7
FNH:7
FNDA:8,(anonymous_0)
FNDA:184,(anonymous_1)
FNDA:7,(anonymous_2)
FNDA:49,(anonymous_3)
FNDA:35,(anonymous_4)
FNDA:6,(anonymous_5)
FNDA:119,(anonymous_6)
DA:3,1
DA:4,8
DA:5,8
DA:7,8
DA:8,8
DA:10,8
DA:16,8
DA:22,8
DA:33,8
DA:42,8
DA:54,8
DA:64,8
DA:65,184
DA:67,184
DA:74,8
DA:76,7
DA:83,7
DA:88,7
DA:91,7
DA:92,7
DA:97,7
DA:99,7
DA:109,7
DA:110,49
DA:111,49
DA:112,49
DA:115,7
DA:118,7
DA:119,7
DA:124,7
DA:127,7
DA:128,35
DA:131,7
DA:134,7
DA:135,6
DA:136,6
DA:137,6
DA:138,6
DA:139,6
DA:141,6
DA:144,7
DA:147,8
DA:152,8
DA:160,119
DA:164,8
DA:166,8
DA:168,8
LF:47
LH:47
BRDA:64,0,0,184
BRDA:68,1,0,26
BRDA:68,1,1,158
BRDA:111,2,0,49
BRDA:111,2,1,4
BRDA:135,3,0,6
BRDA:135,3,1,1
BRDA:136,4,0,6
BRDA:136,4,1,1
BRDA:137,5,0,6
BRDA:137,5,1,1
BRDA:138,6,0,6
BRDA:138,6,1,1
BRDA:139,7,0,6
BRDA:139,7,1,1
BRF:15
BRH:15
end_of_record
